Incorrect Usage: flag provided but not defined: -l2-eth-rpc

NAME:
   op-proposer - L2 Output Submitter

USAGE:
   op-proposer [global options] command [command options]

VERSION:
   untagged-e8065c02-1761790726

DESCRIPTION:
   Service for generating and proposing L2 Outputs

COMMANDS:
   doc      
   help, h  Shows a list of commands or help for one command

GLOBAL OPTIONS:
   
    --active-sequencer-check-duration value (default: 2m0s)                    ($OP_PROPOSER_ACTIVE_SEQUENCER_CHECK_DURATION)
          The duration between checks to determine the active sequencer endpoint.
   
    --allow-non-finalized               (default: false)                   ($OP_PROPOSER_ALLOW_NON_FINALIZED)
          Allow the proposer to submit proposals for L2 blocks derived from non-finalized
          L1 blocks.
   
    --fee-limit-multiplier value        (default: 5)                       ($OP_PROPOSER_TXMGR_FEE_LIMIT_MULTIPLIER)
          The multiplier applied to fee suggestions to put a hard limit on fee increases
   
    --game-factory-address value                                           ($OP_PROPOSER_GAME_FACTORY_ADDRESS)
          Address of the DisputeGameFactory contract
   
    --game-type value                   (default: 0)                       ($OP_PROPOSER_GAME_TYPE)
          Dispute game type to create via the configured DisputeGameFactory
   
    --hd-path value                                                        ($OP_PROPOSER_HD_PATH)
          The HD path used to derive the sequencer wallet from the mnemonic. The mnemonic
          flag must also be set.
   
    --l1-eth-rpc value                                                     ($OP_PROPOSER_L1_ETH_RPC)
          HTTP provider URL for L1
   
    --l2-output-hd-path value                                              ($OP_PROPOSER_L2_OUTPUT_HD_PATH)
          DEPRECATED:The HD path used to derive the l2output wallet from the mnemonic. The
          mnemonic flag must also be set.
   
    --l2oo-address value                                                   ($OP_PROPOSER_L2OO_ADDRESS)
          Address of the L2OutputOracle contract
   
    --log.color                         (default: false)                   ($OP_PROPOSER_LOG_COLOR)
          Color the log output if in terminal mode
   
    --log.format value                  (default: text)                    ($OP_PROPOSER_LOG_FORMAT)
          Format the log output. Supported formats: 'text', 'terminal', 'logfmt', 'json',
          'json-pretty',
   
    --log.level value                   (default: INFO)                    ($OP_PROPOSER_LOG_LEVEL)
          The lowest log level that will be output
   
    --log.pid                           (default: false)                   ($OP_PROPOSER_LOG_PID)
          Show pid in the log
   
    --metrics.addr value                (default: "0.0.0.0")               ($OP_PROPOSER_METRICS_ADDR)
          Metrics listening address
   
    --metrics.enabled                   (default: false)                   ($OP_PROPOSER_METRICS_ENABLED)
          Enable the metrics server
   
    --metrics.port value                (default: 7300)                    ($OP_PROPOSER_METRICS_PORT)
          Metrics listening port
   
    --mnemonic value                                                       ($OP_PROPOSER_MNEMONIC)
          The mnemonic used to derive the wallets for either the service
   
    --network-timeout value             (default: 10s)                     ($OP_PROPOSER_NETWORK_TIMEOUT)
          Timeout for all network operations
   
    --num-confirmations value           (default: 10)                      ($OP_PROPOSER_NUM_CONFIRMATIONS)
          Number of confirmations which we will wait after sending a transaction
   
    --poll-interval value               (default: 12s)                     ($OP_PROPOSER_POLL_INTERVAL)
          Delay between periodic checks on whether it is time to load an output root and
          propose it.
   
    --pprof.addr value                  (default: "0.0.0.0")               ($OP_PROPOSER_PPROF_ADDR)
          pprof listening address
   
    --pprof.enabled                     (default: false)                   ($OP_PROPOSER_PPROF_ENABLED)
          Enable the pprof server
   
    --pprof.path value                                                     ($OP_PROPOSER_PPROF_PATH)
          pprof file path. If it is a directory, the path is {dir}/{profileType}.prof
   
    --pprof.port value                  (default: 6060)                    ($OP_PROPOSER_PPROF_PORT)
          pprof listening port
   
    --pprof.type value                                                     ($OP_PROPOSER_PPROF_TYPE)
          pprof profile type. One of cpu, heap, goroutine, threadcreate, block, mutex,
          allocs
   
    --private-key value                                                    ($OP_PROPOSER_PRIVATE_KEY)
          The private key to use with the service. Must not be used with mnemonic.
   
    --proposal-interval value           (default: 0s)                      ($OP_PROPOSER_PROPOSAL_INTERVAL)
          Interval between submitting L2 output proposals when the dispute game factory
          address is set
   
    --resubmission-timeout value        (default: 48s)                     ($OP_PROPOSER_RESUBMISSION_TIMEOUT)
          Duration we will wait before resubmitting a transaction to L1
   
    --rollup-rpc value                                                     ($OP_PROPOSER_ROLLUP_RPC)
          HTTP provider URL for the rollup node. A comma-separated list enables the active
          rollup provider.
   
    --rpc.addr value                    (default: "0.0.0.0")               ($OP_PROPOSER_RPC_ADDR)
          rpc listening address
   
    --rpc.enable-admin                  (default: false)                   ($OP_PROPOSER_RPC_ENABLE_ADMIN)
          Enable the admin API
   
    --rpc.port value                    (default: 8545)                    ($OP_PROPOSER_RPC_PORT)
          rpc listening port
   
    --safe-abort-nonce-too-low-count value (default: 3)                       ($OP_PROPOSER_SAFE_ABORT_NONCE_TOO_LOW_COUNT)
          Number of ErrNonceTooLow observations required to give up on a tx at a
          particular nonce without receiving confirmation
   
    --signer.address value                                                 ($OP_PROPOSER_SIGNER_ADDRESS)
          Address the signer is signing requests for
   
    --signer.endpoint value                                                ($OP_PROPOSER_SIGNER_ENDPOINT)
          Signer endpoint the client will connect to
   
    --signer.header value                                                  ($OP_PROPOSER_SIGNER_HEADER)
          Headers to pass to the remote signer. Format `key=value`. Value can contain any
          character allowed in a HTTP header. When using env vars, split with commas. When
          using flags one key value pair per flag.
   
    --signer.tls.ca value               (default: "tls/ca.crt")            ($OP_PROPOSER_SIGNER_TLS_CA)
          tls ca cert path
   
    --signer.tls.cert value             (default: "tls/tls.crt")           ($OP_PROPOSER_SIGNER_TLS_CERT)
          tls cert path
   
    --signer.tls.enabled                (default: true)                    ($OP_PROPOSER_SIGNER_TLS_ENABLED)
          Enable or disable TLS client authentication for the signer
   
    --signer.tls.key value              (default: "tls/tls.key")           ($OP_PROPOSER_SIGNER_TLS_KEY)
          tls key
   
    --supervisor-rpcs value                                                ($OP_PROPOSER_SUPERVISOR_RPCS)
          HTTP provider URLs for the supervisor nodes. Multiple URLs can be provided to
          automatically fail over.
   
    --txmgr.already-published-custom-errs value                                    ($OP_PROPOSER_TXMGR_ALREADY_PUBLISHED_CUSTOM_ERRS)
          List of custom RPC error messages that indicate that a transaction has already
          been published.
   
    --txmgr.cell-proof-time value       (default: 18446744073709551615)    ($OP_PROPOSER_TXMGR_CELL_PROOF_TIME)
          Enables cell proofs in blob transactions for Fusaka (EIP-7742) compatibility
          from the provided unix timestamp. Should be set to the L1 Fusaka time. May be
          left blank for Ethereum Mainnet, Sepolia, Holesky, or Hoodi L1s.
   
    --txmgr.fee-limit-threshold value   (default: 100)                     ($OP_PROPOSER_TXMGR_FEE_LIMIT_THRESHOLD)
          The minimum threshold (in GWei) at which fee bumping starts to be capped. Allows
          arbitrary fee bumps below this threshold.
   
    --txmgr.max-basefee value           (default: 0)                       ($OP_PROPOSER_TXMGR_MAX_BASEFEE)
          Enforces a maximum base fee (in GWei) to assume when determining tx fees,
          `TxMgr` returns an error when exceeded. Disabled by default.
   
    --txmgr.max-retries value           (default: 10)                      ($OP_PROPOSER_TXMGR_MAX_RETRIES)
          Maximum number of times to resubmit a transaction to L1 on a transient error.
          Set to 0 to disable retries.
   
    --txmgr.max-tip-cap value           (default: 0)                       ($OP_PROPOSER_TXMGR_MAX_TIP_CAP)
          Enforces a maximum tip cap (in GWei) to use when determining tx fees, `TxMgr`
          returns an error when exceeded. Disabled by default.
   
    --txmgr.min-basefee value           (default: 1)                       ($OP_PROPOSER_TXMGR_MIN_BASEFEE)
          Enforces a minimum base fee (in GWei) to assume when determining tx fees. 1 GWei
          by default.
   
    --txmgr.min-tip-cap value           (default: 1)                       ($OP_PROPOSER_TXMGR_MIN_TIP_CAP)
          Enforces a minimum tip cap (in GWei) to use when determining tx fees. 1 GWei by
          default.
   
    --txmgr.not-in-mempool-timeout value (default: 2m0s)                    ($OP_PROPOSER_TXMGR_TX_NOT_IN_MEMPOOL_TIMEOUT)
          Timeout for aborting a tx send if the tx does not make it to the mempool.
   
    --txmgr.rebroadcast-interval value  (default: 12s)                     ($OP_PROPOSER_TXMGR_REBROADCAST_INTERVAL)
          Interval at which a published transaction will be rebroadcasted if it has not
          yet been mined. Should be less than ResubmissionTimeout to have an effect.
   
    --txmgr.receipt-query-interval value (default: 12s)                     ($OP_PROPOSER_TXMGR_RECEIPT_QUERY_INTERVAL)
          Frequency to poll for receipts
   
    --txmgr.retry-interval value        (default: 1s)                      ($OP_PROPOSER_TXMGR_RETRY_INTERVAL)
          Duration we will wait before resubmitting a transaction to L1 on a transient
          error. Values <= 0 will result in retrying immediately. Should be less than
          ResubmissionTimeout to have an effect.
   
    --txmgr.send-timeout value          (default: 0s)                      ($OP_PROPOSER_TXMGR_TX_SEND_TIMEOUT)
          Timeout for sending transactions. If 0 it is disabled.
   
    --wait-node-sync                    (default: false)                   ($OP_PROPOSER_WAIT_NODE_SYNC)
          Indicates if, during startup, the proposer should wait for the rollup node to
          sync to the current L1 tip before proceeding with its driver loop.

   MISC

   
    --help, -h                          (default: false)                  
          show help
   
    --version, -v                       (default: false)                  
          print the version

t=2025-10-30T21:03:49+0530 lvl=crit msg="Application failed" message="flag provided but not defined: -l2-eth-rpc"
