[2025-10-30 21:03:49] \033[0;32m=== Celo Sepolia L3 Service Monitor ===\033[0m
[2025-10-30 21:03:49] Deployment directory: /Users/arkoroy/Desktop/arx/Arx-Protocol/arx/l2-deployment
[2025-10-30 21:03:49] Log directory: /Users/arkoroy/Desktop/arx/Arx-Protocol/arx/l2-deployment/logs
[2025-10-30 21:03:49] Monitor log: /Users/arkoroy/Desktop/arx/Arx-Protocol/arx/l2-deployment/logs/monitor.log
[2025-10-30 21:03:49] 
[2025-10-30 21:03:49] \033[0;34m=== Starting Service Monitor ===\033[0m
[2025-10-30 21:03:49] Monitoring interval: 30 seconds
[2025-10-30 21:03:49] Services: op-node, op-batcher, op-proposer
[2025-10-30 21:03:49] \033[1;33mStarting 0...\033[0m
[2025-10-30 21:03:49] \033[0;32m✅ 0 started (PID: 91369)\033[0m
[2025-10-30 21:04:08] \033[1;33mReceived shutdown signal...\033[0m
[2025-10-30 21:04:08] Stopping all services...
[2025-10-30 21:04:08] \033[0;32m✅ All services stopped\033[0m
[2025-10-30 21:04:08] Monitor exiting...
[2025-10-30 21:05:25] === Celo Sepolia L3 Service Monitor ===
[2025-10-30 21:05:25] Deployment directory: /Users/arkoroy/Desktop/arx/Arx-Protocol/arx/l2-deployment
[2025-10-30 21:05:25] Log directory: /Users/arkoroy/Desktop/arx/Arx-Protocol/arx/l2-deployment/logs
[2025-10-30 21:05:25] Monitor log: /Users/arkoroy/Desktop/arx/Arx-Protocol/arx/l2-deployment/logs/monitor.log
[2025-10-30 21:05:25] 
[2025-10-30 21:05:25] === Starting Service Monitor ===
[2025-10-30 21:05:25] Monitoring interval: 30 seconds
[2025-10-30 21:05:25] Services: op-node, op-batcher, op-proposer
[2025-10-30 21:05:25] Starting op-node...
[2025-10-30 21:05:25] ✅ op-node started (PID: 91704)
[2025-10-30 21:05:28] Starting op-batcher...
[2025-10-30 21:05:28] ✅ op-batcher started (PID: 91719)
[2025-10-30 21:05:31] Starting op-proposer...
[2025-10-30 21:05:31] ✅ op-proposer started (PID: 91729)
[2025-10-30 21:05:31] 
[2025-10-30 21:05:31] === All services started ===
[2025-10-30 21:05:31] Press Ctrl+C to stop
[2025-10-30 21:06:01] WARNING: op-node crashed (PID: 91704)
[2025-10-30 21:06:01] Starting op-node...
[2025-10-30 21:06:01] ✅ op-node started (PID: 91762)
[2025-10-30 21:06:01] Restart count: 1
[2025-10-30 21:06:01] WARNING: op-batcher crashed (PID: 91719)
[2025-10-30 21:06:01] Starting op-batcher...
[2025-10-30 21:06:01] ✅ op-batcher started (PID: 91777)
[2025-10-30 21:06:01] Restart count: 2
[2025-10-30 21:06:01] WARNING: op-proposer crashed (PID: 91729)
[2025-10-30 21:06:01] Starting op-proposer...
[2025-10-30 21:06:01] ✅ op-proposer started (PID: 91792)
[2025-10-30 21:06:01] Restart count: 3
[2025-10-30 21:06:31] WARNING: op-node crashed (PID: 91762)
[2025-10-30 21:06:31] Starting op-node...
[2025-10-30 21:06:31] ✅ op-node started (PID: 91820)
[2025-10-30 21:06:31] Restart count: 4
[2025-10-30 21:06:31] WARNING: op-batcher crashed (PID: 91777)
[2025-10-30 21:06:31] Starting op-batcher...
[2025-10-30 21:06:31] ✅ op-batcher started (PID: 91835)
[2025-10-30 21:06:31] Restart count: 5
[2025-10-30 21:06:31] WARNING: op-proposer crashed (PID: 91792)
[2025-10-30 21:06:31] Starting op-proposer...
[2025-10-30 21:06:31] ✅ op-proposer started (PID: 91850)
[2025-10-30 21:06:31] Restart count: 6
[2025-10-30 21:07:01] WARNING: op-node crashed (PID: 91820)
[2025-10-30 21:07:01] Starting op-node...
[2025-10-30 21:07:01] ✅ op-node started (PID: 91876)
[2025-10-30 21:07:01] Restart count: 7
[2025-10-30 21:07:01] WARNING: op-batcher crashed (PID: 91835)
[2025-10-30 21:07:01] Starting op-batcher...
[2025-10-30 21:07:01] ✅ op-batcher started (PID: 91891)
[2025-10-30 21:07:01] Restart count: 8
[2025-10-30 21:07:01] WARNING: op-proposer crashed (PID: 91850)
[2025-10-30 21:07:01] Starting op-proposer...
[2025-10-30 21:07:01] ✅ op-proposer started (PID: 91906)
[2025-10-30 21:07:01] Restart count: 9
[2025-10-30 21:07:12] Received shutdown signal...
[2025-10-30 21:07:12] Stopping all services...
[2025-10-30 21:07:12] ✅ All services stopped
[2025-10-30 21:07:12] Monitor exiting...
[2025-10-30 21:24:32] === Celo Sepolia L3 Service Monitor ===
[2025-10-30 21:24:32] Deployment directory: /Users/arkoroy/Desktop/arx/Arx-Protocol/arx/l2-deployment
[2025-10-30 21:24:32] Log directory: /Users/arkoroy/Desktop/arx/Arx-Protocol/arx/l2-deployment/logs
[2025-10-30 21:24:32] Monitor log: /Users/arkoroy/Desktop/arx/Arx-Protocol/arx/l2-deployment/logs/monitor.log
[2025-10-30 21:24:32] 
[2025-10-30 21:24:32] === Starting Service Monitor ===
[2025-10-30 21:24:32] Monitoring interval: 30 seconds
[2025-10-30 21:24:32] Services: op-node, op-batcher, op-proposer
[2025-10-30 21:24:32] Starting op-node...
[2025-10-30 21:24:32] ✅ op-node started (PID: 2449)
[2025-10-30 21:24:35] Starting op-batcher...
[2025-10-30 21:24:35] ✅ op-batcher started (PID: 2464)
[2025-10-30 21:24:38] Starting op-proposer...
[2025-10-30 21:24:38] ✅ op-proposer started (PID: 2474)
[2025-10-30 21:24:38] 
[2025-10-30 21:24:38] === All services started ===
[2025-10-30 21:24:38] Press Ctrl+C to stop
[2025-10-30 21:25:08] WARNING: op-node crashed (PID: 2449)
[2025-10-30 21:25:08] Starting op-node...
[2025-10-30 21:25:08] ✅ op-node started (PID: 2511)
[2025-10-30 21:25:08] Restart count: 1
[2025-10-30 21:25:09] WARNING: op-batcher crashed (PID: 2464)
[2025-10-30 21:25:09] Starting op-batcher...
[2025-10-30 21:25:09] ✅ op-batcher started (PID: 2526)
[2025-10-30 21:25:09] Restart count: 2
[2025-10-30 21:25:09] WARNING: op-proposer crashed (PID: 2474)
[2025-10-30 21:25:09] Starting op-proposer...
[2025-10-30 21:25:09] ✅ op-proposer started (PID: 2541)
[2025-10-30 21:25:09] Restart count: 3
[2025-10-30 21:25:39] WARNING: op-node crashed (PID: 2511)
[2025-10-30 21:25:39] Starting op-node...
[2025-10-30 21:25:39] ✅ op-node started (PID: 2746)
[2025-10-30 21:25:39] Restart count: 4
[2025-10-30 21:25:39] WARNING: op-batcher crashed (PID: 2526)
[2025-10-30 21:25:39] Starting op-batcher...
[2025-10-30 21:25:39] ✅ op-batcher started (PID: 2761)
[2025-10-30 21:25:39] Restart count: 5
[2025-10-30 21:25:39] WARNING: op-proposer crashed (PID: 2541)
[2025-10-30 21:25:39] Starting op-proposer...
[2025-10-30 21:25:39] ✅ op-proposer started (PID: 2776)
[2025-10-30 21:25:39] Restart count: 6
[2025-10-30 21:26:09] WARNING: op-node crashed (PID: 2746)
[2025-10-30 21:26:09] Starting op-node...
[2025-10-30 21:26:09] ✅ op-node started (PID: 3057)
[2025-10-30 21:26:09] Restart count: 7
[2025-10-30 21:26:09] WARNING: op-batcher crashed (PID: 2761)
[2025-10-30 21:26:09] Starting op-batcher...
[2025-10-30 21:26:09] ✅ op-batcher started (PID: 3072)
[2025-10-30 21:26:09] Restart count: 8
[2025-10-30 21:26:09] WARNING: op-proposer crashed (PID: 2776)
[2025-10-30 21:26:09] Starting op-proposer...
[2025-10-30 21:26:09] ✅ op-proposer started (PID: 3087)
[2025-10-30 21:26:09] Restart count: 9
[2025-10-30 21:26:39] WARNING: op-node crashed (PID: 3057)
[2025-10-30 21:26:39] Starting op-node...
[2025-10-30 21:26:39] ✅ op-node started (PID: 3982)
[2025-10-30 21:26:39] Restart count: 10
[2025-10-30 21:26:39] WARNING: op-batcher crashed (PID: 3072)
[2025-10-30 21:26:39] Starting op-batcher...
[2025-10-30 21:26:39] ✅ op-batcher started (PID: 3997)
[2025-10-30 21:26:39] Restart count: 11
[2025-10-30 21:26:39] WARNING: op-proposer crashed (PID: 3087)
[2025-10-30 21:26:39] Starting op-proposer...
[2025-10-30 21:26:39] ✅ op-proposer started (PID: 4012)
[2025-10-30 21:26:39] Restart count: 12
[2025-10-30 21:27:09] WARNING: op-node crashed (PID: 3982)
[2025-10-30 21:27:09] Starting op-node...
[2025-10-30 21:27:09] ✅ op-node started (PID: 4264)
[2025-10-30 21:27:09] Restart count: 13
[2025-10-30 21:27:09] WARNING: op-batcher crashed (PID: 3997)
[2025-10-30 21:27:09] Starting op-batcher...
[2025-10-30 21:27:09] ✅ op-batcher started (PID: 4279)
[2025-10-30 21:27:09] Restart count: 14
[2025-10-30 21:27:09] WARNING: op-proposer crashed (PID: 4012)
[2025-10-30 21:27:09] Starting op-proposer...
[2025-10-30 21:27:09] ✅ op-proposer started (PID: 4294)
[2025-10-30 21:27:09] Restart count: 15
[2025-10-30 21:27:39] WARNING: op-node crashed (PID: 4264)
[2025-10-30 21:27:39] Starting op-node...
[2025-10-30 21:27:39] ✅ op-node started (PID: 4327)
[2025-10-30 21:27:39] Restart count: 16
[2025-10-30 21:27:39] WARNING: op-batcher crashed (PID: 4279)
[2025-10-30 21:27:39] Starting op-batcher...
[2025-10-30 21:27:39] ✅ op-batcher started (PID: 4342)
[2025-10-30 21:27:39] Restart count: 17
[2025-10-30 21:27:39] WARNING: op-proposer crashed (PID: 4294)
[2025-10-30 21:27:39] Starting op-proposer...
[2025-10-30 21:27:39] ✅ op-proposer started (PID: 4357)
[2025-10-30 21:27:39] Restart count: 18
[2025-10-30 21:27:55] === Celo Sepolia L3 Service Monitor ===
[2025-10-30 21:27:55] Deployment directory: /Users/arkoroy/Desktop/arx/Arx-Protocol/arx/l2-deployment
[2025-10-30 21:27:55] Log directory: /Users/arkoroy/Desktop/arx/Arx-Protocol/arx/l2-deployment/logs
[2025-10-30 21:27:55] Monitor log: /Users/arkoroy/Desktop/arx/Arx-Protocol/arx/l2-deployment/logs/monitor.log
[2025-10-30 21:27:55] 
[2025-10-30 21:27:55] === Starting Service Monitor ===
[2025-10-30 21:27:55] Monitoring interval: 30 seconds
[2025-10-30 21:27:55] Services: op-node, op-batcher, op-proposer
[2025-10-30 21:27:55] Starting op-node...
[2025-10-30 21:27:55] ✅ op-node started (PID: 4497)
[2025-10-30 21:27:58] Starting op-batcher...
[2025-10-30 21:27:58] ✅ op-batcher started (PID: 4515)
[2025-10-30 21:28:01] Starting op-proposer...
[2025-10-30 21:28:01] ✅ op-proposer started (PID: 4527)
[2025-10-30 21:28:01] 
[2025-10-30 21:28:01] === All services started ===
[2025-10-30 21:28:01] Press Ctrl+C to stop
[2025-10-30 21:28:09] WARNING: op-node crashed (PID: 4497)
[2025-10-30 21:28:09] Starting op-node...
[2025-10-30 21:28:09] ✅ op-node started (PID: 4563)
[2025-10-30 21:28:09] Restart count: 19
[2025-10-30 21:28:09] WARNING: op-batcher crashed (PID: 4515)
[2025-10-30 21:28:09] Starting op-batcher...
[2025-10-30 21:28:09] ✅ op-batcher started (PID: 4578)
[2025-10-30 21:28:09] Restart count: 20
[2025-10-30 21:28:09] WARNING: op-proposer crashed (PID: 4527)
[2025-10-30 21:28:09] Starting op-proposer...
[2025-10-30 21:28:09] ✅ op-proposer started (PID: 4593)
[2025-10-30 21:28:09] Restart count: 21
[2025-10-30 21:28:31] WARNING: op-node crashed (PID: 4563)
[2025-10-30 21:28:31] Starting op-node...
[2025-10-30 21:28:31] ✅ op-node started (PID: 5021)
[2025-10-30 21:28:31] Restart count: 1
[2025-10-30 21:28:31] WARNING: op-batcher crashed (PID: 4578)
[2025-10-30 21:28:31] Starting op-batcher...
[2025-10-30 21:28:31] ✅ op-batcher started (PID: 5036)
[2025-10-30 21:28:31] Restart count: 2
[2025-10-30 21:28:31] WARNING: op-proposer crashed (PID: 4593)
[2025-10-30 21:28:31] Starting op-proposer...
[2025-10-30 21:28:31] ✅ op-proposer started (PID: 5051)
[2025-10-30 21:28:31] Restart count: 3
[2025-10-30 21:28:39] WARNING: op-node crashed (PID: 5021)
[2025-10-30 21:28:39] Starting op-node...
[2025-10-30 21:28:39] ✅ op-node started (PID: 5153)
[2025-10-30 21:28:39] Restart count: 22
[2025-10-30 21:28:39] WARNING: op-batcher crashed (PID: 5036)
[2025-10-30 21:28:39] Starting op-batcher...
[2025-10-30 21:28:39] ✅ op-batcher started (PID: 5168)
[2025-10-30 21:28:39] Restart count: 23
[2025-10-30 21:28:39] WARNING: op-proposer crashed (PID: 5051)
[2025-10-30 21:28:39] Starting op-proposer...
[2025-10-30 21:28:39] ✅ op-proposer started (PID: 5184)
[2025-10-30 21:28:39] Restart count: 24
[2025-10-30 21:29:01] WARNING: op-node crashed (PID: 5153)
[2025-10-30 21:29:01] Starting op-node...
[2025-10-30 21:29:01] ✅ op-node started (PID: 5373)
[2025-10-30 21:29:01] Restart count: 4
[2025-10-30 21:29:01] WARNING: op-batcher crashed (PID: 5168)
[2025-10-30 21:29:01] Starting op-batcher...
[2025-10-30 21:29:01] ✅ op-batcher started (PID: 5388)
[2025-10-30 21:29:01] Restart count: 5
[2025-10-30 21:29:01] WARNING: op-proposer crashed (PID: 5184)
[2025-10-30 21:29:01] Starting op-proposer...
[2025-10-30 21:29:01] ✅ op-proposer started (PID: 5403)
[2025-10-30 21:29:01] Restart count: 6
[2025-10-30 21:29:09] WARNING: op-node crashed (PID: 5373)
[2025-10-30 21:29:09] Starting op-node...
[2025-10-30 21:29:09] ✅ op-node started (PID: 5432)
[2025-10-30 21:29:09] Restart count: 25
[2025-10-30 21:29:09] WARNING: op-batcher crashed (PID: 5388)
[2025-10-30 21:29:09] Starting op-batcher...
[2025-10-30 21:29:09] ✅ op-batcher started (PID: 5447)
[2025-10-30 21:29:09] Restart count: 26
[2025-10-30 21:29:09] WARNING: op-proposer crashed (PID: 5403)
[2025-10-30 21:29:09] Starting op-proposer...
[2025-10-30 21:29:09] ✅ op-proposer started (PID: 5462)
[2025-10-30 21:29:09] Restart count: 27
[2025-10-30 21:29:31] WARNING: op-node crashed (PID: 5432)
[2025-10-30 21:29:31] Starting op-node...
[2025-10-30 21:29:31] ✅ op-node started (PID: 5491)
[2025-10-30 21:29:31] Restart count: 7
[2025-10-30 21:29:31] WARNING: op-batcher crashed (PID: 5447)
[2025-10-30 21:29:31] Starting op-batcher...
[2025-10-30 21:29:31] ✅ op-batcher started (PID: 5506)
[2025-10-30 21:29:31] Restart count: 8
[2025-10-30 21:29:31] WARNING: op-proposer crashed (PID: 5462)
[2025-10-30 21:29:31] Starting op-proposer...
[2025-10-30 21:29:31] ✅ op-proposer started (PID: 5521)
[2025-10-30 21:29:31] Restart count: 9
[2025-10-30 21:29:39] WARNING: op-node crashed (PID: 5491)
[2025-10-30 21:29:39] Starting op-node...
[2025-10-30 21:29:39] ✅ op-node started (PID: 5550)
[2025-10-30 21:29:39] Restart count: 28
[2025-10-30 21:29:39] WARNING: op-batcher crashed (PID: 5506)
[2025-10-30 21:29:39] Starting op-batcher...
[2025-10-30 21:29:39] ✅ op-batcher started (PID: 5565)
[2025-10-30 21:29:39] Restart count: 29
[2025-10-30 21:29:39] WARNING: op-proposer crashed (PID: 5521)
[2025-10-30 21:29:39] Starting op-proposer...
[2025-10-30 21:29:39] ✅ op-proposer started (PID: 5580)
[2025-10-30 21:29:39] Restart count: 30
[2025-10-30 21:29:39] === Status Summary ===
[2025-10-30 21:29:39] ❌ op-node - Not Running
[2025-10-30 21:29:39] ❌ op-batcher - Not Running
[2025-10-30 21:29:39] ❌ op-proposer - Not Running
[2025-10-30 21:29:54] === Celo Sepolia L3 Service Monitor ===
[2025-10-30 21:29:54] Deployment directory: /Users/arkoroy/Desktop/arx/Arx-Protocol/arx/l2-deployment
[2025-10-30 21:29:54] Log directory: /Users/arkoroy/Desktop/arx/Arx-Protocol/arx/l2-deployment/logs
[2025-10-30 21:29:54] Monitor log: /Users/arkoroy/Desktop/arx/Arx-Protocol/arx/l2-deployment/logs/monitor.log
[2025-10-30 21:29:54] 
[2025-10-30 21:29:54] === Starting Service Monitor ===
[2025-10-30 21:29:54] Monitoring interval: 30 seconds
[2025-10-30 21:29:54] Services: op-node, op-batcher, op-proposer
[2025-10-30 21:29:54] Starting op-node...
[2025-10-30 21:29:54] ✅ op-node started (PID: 5786)
[2025-10-30 21:29:59] Starting op-batcher...
[2025-10-30 21:29:59] ✅ op-batcher started (PID: 5804)
[2025-10-30 21:30:01] Received shutdown signal...
[2025-10-30 21:30:01] Stopping all services...
[2025-10-30 21:30:01] ✅ All services stopped
[2025-10-30 21:30:01] Monitor exiting...
[2025-10-30 21:30:02] Starting op-proposer...
[2025-10-30 21:30:02] ✅ op-proposer started (PID: 5912)
[2025-10-30 21:30:02] 
[2025-10-30 21:30:02] === All services started ===
[2025-10-30 21:30:02] Press Ctrl+C to stop
[2025-10-30 21:30:09] Received shutdown signal...
[2025-10-30 21:30:09] Stopping all services...
[2025-10-30 21:30:09] ✅ All services stopped
[2025-10-30 21:30:09] Monitor exiting...
[2025-10-30 21:35:02] === Status Summary ===
[2025-10-30 21:40:03] === Status Summary ===
[2025-10-30 21:45:03] === Status Summary ===
[2025-10-30 21:50:03] === Status Summary ===
[2025-10-30 21:55:03] === Status Summary ===
[2025-10-30 22:00:03] === Status Summary ===
[2025-10-30 22:05:03] === Status Summary ===
[2025-10-30 22:10:03] === Status Summary ===
[2025-10-30 22:15:03] === Status Summary ===
[2025-10-30 22:20:03] === Status Summary ===
[2025-10-30 22:25:04] === Status Summary ===
[2025-10-30 22:30:04] === Status Summary ===
[2025-10-30 22:35:04] === Status Summary ===
[2025-10-30 22:40:04] === Status Summary ===
[2025-10-30 22:45:04] === Status Summary ===
[2025-10-30 22:50:04] === Status Summary ===
