t=2025-11-22T23:48:31+0530 lvl=info msg="Not opted in to ProtocolVersions signal loading, disabling ProtocolVersions contract now."
t=2025-11-22T23:48:31+0530 lvl=info msg="No persisted sequencer state loaded"
t=2025-11-22T23:48:31+0530 lvl=info msg="Rollup Config" l2_chain_id=424242 l2_network="unknown L2" l1_chain_id=11142220 l1_network="unknown L1" l2_start_time=1761823715 l2_block_hash=0xf8a9baa98113aa34f7e00d2e5a9cb6e8bc5fa804bb79f3c5f38292168708fe21 l2_block_number=0 l1_block_hash=0x6d465cd30c89b4cd7e353843802bb59e584c1c75211f71b8043b7b43c0c0b7aa l1_block_number=8539727 regolith_time="@ genesis" canyon_time="@ genesis" delta_time="@ genesis" ecotone_time="(not configured)" fjord_time="(not configured)" granite_time="(not configured)" holocene_time="(not configured)" isthmus_time="(not configured)" jovian_time="(not configured)" interop_time="(not configured)"
t=2025-11-22T23:48:31+0530 lvl=info msg="Initializing rollup node" version=untagged-e8065c02-1761790726
t=2025-11-22T23:48:33+0530 lvl=warn msg="No interop RPC configured, falling back to legacy sync mode."
t=2025-11-22T23:48:34+0530 lvl=info msg="loaded new runtime config values!" p2p_seq_address=0x0000000000000000000000000000000000000000
t=2025-11-22T23:48:34+0530 lvl=info msg="registered API" route="" namespace=optimism
t=2025-11-22T23:48:34+0530 lvl=info msg="registered API" route="" namespace=optimism
t=2025-11-22T23:48:34+0530 lvl=info msg="Starting JSON-RPC server"
t=2025-11-22T23:48:34+0530 lvl=info msg="Started RPC server" endpoint=http://[::]:9545
t=2025-11-22T23:48:34+0530 lvl=info msg="Started JSON-RPC server" addr=[::]:9545
t=2025-11-22T23:48:34+0530 lvl=info msg="started metrics server" addr=[::]:7300
t=2025-11-22T23:48:34+0530 lvl=info msg="Starting execution engine driver"
t=2025-11-22T23:48:34+0530 lvl=info msg="Starting driver" sequencerEnabled=true sequencerStopped=false recoverMode=false
t=2025-11-22T23:48:34+0530 lvl=info msg="Starting sequencing, without known pre-state"
t=2025-11-22T23:48:34+0530 lvl=info msg="Sequencer has been started" "next action"=2025-11-22T23:48:34+0530
t=2025-11-22T23:48:34+0530 lvl=info msg="Rollup node started"
t=2025-11-22T23:48:34+0530 lvl=info msg="State loop started"
t=2025-11-22T23:48:34+0530 lvl=info msg="Scheduled sequencer action" delta=-252.666µs
t=2025-11-22T23:48:34+0530 lvl=warn msg="Deriver system is resetting" err="reset: cannot continue derivation until Engine has been reset"
t=2025-11-22T23:48:34+0530 lvl=error msg="Sequencer encountered reset signal, aborting work" err="reset: cannot continue derivation until Engine has been reset"
t=2025-11-22T23:48:34+0530 lvl=info msg="Loaded current L2 heads" unsafe=0xbbf7429be763b3ab1f9c56d9f241ee9a0821fdd7fc353f2524cdd9ad154120f4:765 safe=0xf8a9baa98113aa34f7e00d2e5a9cb6e8bc5fa804bb79f3c5f38292168708fe21:0 finalized=0xf8a9baa98113aa34f7e00d2e5a9cb6e8bc5fa804bb79f3c5f38292168708fe21:0 unsafe_origin=0xa5f6f55894b1d73a62263387526f9188075f0ce0f82c5926625d1b8ecf98cd84:8540476 safe_origin=0x6d465cd30c89b4cd7e353843802bb59e584c1c75211f71b8043b7b43c0c0b7aa:8539727
t=2025-11-22T23:48:34+0530 lvl=info msg="Walking back L1Block by number" curr=0xa5f6f55894b1d73a62263387526f9188075f0ce0f82c5926625d1b8ecf98cd84:8540476 next=0xa5f6f55894b1d73a62263387526f9188075f0ce0f82c5926625d1b8ecf98cd84:8540476 l2block=0xbbf7429be763b3ab1f9c56d9f241ee9a0821fdd7fc353f2524cdd9ad154120f4:765
t=2025-11-22T23:48:34+0530 lvl=info msg="Walking back L1Block by hash" curr=0xa5f6f55894b1d73a62263387526f9188075f0ce0f82c5926625d1b8ecf98cd84:8540476 next=0x419fc112fa152cadf3a2c3ba48e024e9698f5a6575b96ab13914959db1068836:8540475 l2block=0xda552f75f29c2e4d8962267cb1f8e9ab6eaa9707baf8331e888e9b73cbb8bb4b:764
t=2025-11-22T23:48:35+0530 lvl=info msg="Walking back L1Block by hash" curr=0x419fc112fa152cadf3a2c3ba48e024e9698f5a6575b96ab13914959db1068836:8540475 next=0x7e10315cbe2556eb6d62c0b37705e3e19f832c9145d829cf389c0f6fa297cd36:8540474 l2block=0x29e9d6acf75d8031f574bbb5fcee4e16149a1f96ecde1619cb8fac60b779547b:763
t=2025-11-22T23:48:35+0530 lvl=info msg="Walking back L1Block by hash" curr=0x7e10315cbe2556eb6d62c0b37705e3e19f832c9145d829cf389c0f6fa297cd36:8540474 next=0x30cada25058078383457cb5c660cd8eb766cc6f84be18fccc05f3e4f6216e092:8540473 l2block=0x9910aa8f28880fbe8823cf0bb71d02b67ba29a5f4b898d3fc455258eb8dfba21:762
t=2025-11-22T23:48:35+0530 lvl=info msg="Walking back L1Block by hash" curr=0x30cada25058078383457cb5c660cd8eb766cc6f84be18fccc05f3e4f6216e092:8540473 next=0xff1eb5080e1c3ba6e4b51e9ac62bc6eb57d64fba1edb1b93baa43662152e0f03:8540472 l2block=0x4b2a491658622730efe086926daa52f48787245989b76493c8b82f904160f0b9:761
t=2025-11-22T23:48:36+0530 lvl=info msg="Walking back L1Block by hash" curr=0xff1eb5080e1c3ba6e4b51e9ac62bc6eb57d64fba1edb1b93baa43662152e0f03:8540472 next=0x9b9e544e8234355c8d6827056193a0e21169c6736947e5900e37b04a3ee48951:8540471 l2block=0x4e16b8409ecaca99e14c7166dce56ce2bbec81f1bcf0fd981778f46ee69a547b:760
t=2025-11-22T23:48:36+0530 lvl=info msg="Walking back L1Block by hash" curr=0x9b9e544e8234355c8d6827056193a0e21169c6736947e5900e37b04a3ee48951:8540471 next=0xe3eab064839553385c43f93b076a60ba08e904d2666acd84908b43d7826ce9db:8540470 l2block=0x815d3579aad3c7b35c9fb734ebc65f29236737e145133f270ce85a25f5855296:759
t=2025-11-22T23:48:36+0530 lvl=info msg="Walking back L1Block by hash" curr=0xe3eab064839553385c43f93b076a60ba08e904d2666acd84908b43d7826ce9db:8540470 next=0x3d3accb842fc30adde4054bad83d0a20a0a99de26b76783a9a2a14b59ab4d303:8540469 l2block=0xccfb625d03198ae46b4178bd477e4d60006cafad3056e5eac8524bcb0739e785:758
t=2025-11-22T23:48:37+0530 lvl=info msg="Walking back L1Block by hash" curr=0x3d3accb842fc30adde4054bad83d0a20a0a99de26b76783a9a2a14b59ab4d303:8540469 next=0x31586878c86786b0c2722c454f2a0c8a06f842bfe2b1d00da1d8a457ef40ba7e:8540468 l2block=0xbe507c85dcc8100e386912987454a02fb203666601aef8c58d63fe3a1214b9b4:757
t=2025-11-22T23:48:37+0530 lvl=info msg="Walking back L1Block by hash" curr=0x31586878c86786b0c2722c454f2a0c8a06f842bfe2b1d00da1d8a457ef40ba7e:8540468 next=0xea21bb673c1fe68249692e9e2277e1054e5b500ab9e8cfd500e221bd3dddfff2:8540467 l2block=0x7bd689dcea8bcc67efaec6dda1eeb0a044f7052db62876c009044844182348fc:756
t=2025-11-22T23:48:37+0530 lvl=info msg="Walking back L1Block by hash" curr=0xea21bb673c1fe68249692e9e2277e1054e5b500ab9e8cfd500e221bd3dddfff2:8540467 next=0x16f8de972bb7b134014bf99da49ad2579cf9c61c348188b6117562bcefb38a74:8540466 l2block=0x0d400f996bc9c8df282c89de8f9961ae4a447afce4a98f362a445966f03df5f8:755
t=2025-11-22T23:48:38+0530 lvl=info msg="Walking back L1Block by hash" curr=0x16f8de972bb7b134014bf99da49ad2579cf9c61c348188b6117562bcefb38a74:8540466 next=0xe8b9b81ce31066d5854985a5c494bb01b4a8977750696e9fca3f7517f2d6f324:8540465 l2block=0x60416c3c4e8086a911f3aef98f222ca9b64ec2fbb9c66f473afb25c2741b9d00:754
t=2025-11-22T23:48:38+0530 lvl=info msg="Walking back L1Block by hash" curr=0xe8b9b81ce31066d5854985a5c494bb01b4a8977750696e9fca3f7517f2d6f324:8540465 next=0x639e60ba13aec3d946f718b338b6fd23da7c524d2e95edfb9735afbb4281ccfc:8540464 l2block=0x9ba1da71acc24d24858346b06fd8593b54b4ba512af946ff38d0501527690b0f:753
t=2025-11-22T23:48:39+0530 lvl=info msg="Walking back L1Block by hash" curr=0x639e60ba13aec3d946f718b338b6fd23da7c524d2e95edfb9735afbb4281ccfc:8540464 next=0xb470a08e967ab3430d9433a442ec02c7a2ed79cf44e2afea503a2a700cf89c1f:8540463 l2block=0x6c3df767a13db7852fc9ce8d9bc77dbbff68f78fa97f01e4f4e43b67f904c6bd:752
t=2025-11-22T23:48:39+0530 lvl=info msg="Walking back L1Block by hash" curr=0xb470a08e967ab3430d9433a442ec02c7a2ed79cf44e2afea503a2a700cf89c1f:8540463 next=0x85aab2c0cc8e66d874a4bddf01fc43991e1e3ed4c296fb3a1097f771454ce568:8540462 l2block=0x01f4d279c07eebe1067a637e800415f44a1c7f39cde36f7abedcdd0f2de806f0:751
t=2025-11-22T23:48:40+0530 lvl=info msg="Walking back L1Block by hash" curr=0x85aab2c0cc8e66d874a4bddf01fc43991e1e3ed4c296fb3a1097f771454ce568:8540462 next=0xcb12b01d61a44cd97460facc218ba11a490ee0452e70083970200da5a834ab4c:8540461 l2block=0xa268a2397f468de6277e631736fdc441726e526f8a38d1ccd3bd003fb88486cb:750
t=2025-11-22T23:48:40+0530 lvl=info msg="Walking back L1Block by hash" curr=0xcb12b01d61a44cd97460facc218ba11a490ee0452e70083970200da5a834ab4c:8540461 next=0x1b705d326d2a0286b46be908a758b05b602228203967bb191670eb7f4dd74d17:8540460 l2block=0x02c60cd52d62a6ddc29acfe29f1e8be30d4b5bacf6743cd440f00c6771ab19f5:749
t=2025-11-22T23:48:40+0530 lvl=info msg="Walking back L1Block by hash" curr=0x1b705d326d2a0286b46be908a758b05b602228203967bb191670eb7f4dd74d17:8540460 next=0xf22e04a2692394a64e9be3f46ec11aab06195fafe7c842ac2211302883432061:8540459 l2block=0x1a04241a88c9f1b7f3d0adbff430af5e97b75d07e13e83897226c6895c26663b:748
t=2025-11-22T23:48:41+0530 lvl=info msg="Walking back L1Block by hash" curr=0xf22e04a2692394a64e9be3f46ec11aab06195fafe7c842ac2211302883432061:8540459 next=0x6ad59761a34644c3ed3f06a6782c6fab6f3a659915b822711e74be18979f5033:8540458 l2block=0x4b9be1e879f0ee92d0366a51938e92bf03db4a6e386d4642fb496697aedaed6b:747
t=2025-11-22T23:48:41+0530 lvl=info msg="Walking back L1Block by hash" curr=0x6ad59761a34644c3ed3f06a6782c6fab6f3a659915b822711e74be18979f5033:8540458 next=0xadc23d16855d3ca20a9a47a76de1717e6d141bef245d6442fd1fea009c479124:8540457 l2block=0xbf18b2a22ab4ad5cffdf5a7017ae91fccef9b99fa886746f41c147bba9685d24:746
t=2025-11-22T23:48:42+0530 lvl=info msg="Walking back L1Block by hash" curr=0xadc23d16855d3ca20a9a47a76de1717e6d141bef245d6442fd1fea009c479124:8540457 next=0x9a6474ba7f159e152fd56b0f94dbdb5bda296728f48fd6da0c3970fbdf27516d:8540456 l2block=0xf5587497434b6098317eb6b86db8cecfb368dae837926d8b8b0f4a0b146a9cda:745
t=2025-11-22T23:48:42+0530 lvl=info msg="Walking back L1Block by hash" curr=0x9a6474ba7f159e152fd56b0f94dbdb5bda296728f48fd6da0c3970fbdf27516d:8540456 next=0x76184e140c28d575bf8ce7eed531135b59dd0690da9bbf269144c44f8ead6556:8540455 l2block=0xb5999705917e6299a6ef61158e51e835a964f0472fa3412a6cd41ecc1bb2f81d:744
t=2025-11-22T23:48:43+0530 lvl=info msg="Walking back L1Block by hash" curr=0x76184e140c28d575bf8ce7eed531135b59dd0690da9bbf269144c44f8ead6556:8540455 next=0xed228002f80cd2da9795bde4059ce3cb16142381a8927e413fcaecce8b39e5ee:8540454 l2block=0xfcf168bc52f8b3fc61a806960dde4dec289c7181163606d40abdfd7a7af808ca:743
t=2025-11-22T23:48:43+0530 lvl=info msg="Received first L1 head signal" l1_head=0x3df78bb3801b4fc22f1580cb09a28046cd7a0ef9ea42bbf1e89647db204f879e:10551535
t=2025-11-22T23:48:44+0530 lvl=info msg="Walking back L1Block by hash" curr=0xed228002f80cd2da9795bde4059ce3cb16142381a8927e413fcaecce8b39e5ee:8540454 next=0x46407d11e6778c34785e4c6ac3364575afdef024b78f9b0e099498163b1ead62:8540453 l2block=0x78d93eed595b9c227bf322da6eaf286227703a5c837c3cfde723a0e098b8d4b0:742
t=2025-11-22T23:48:44+0530 lvl=info msg="Walking back L1Block by hash" curr=0x46407d11e6778c34785e4c6ac3364575afdef024b78f9b0e099498163b1ead62:8540453 next=0x7a78e46aeb02bad281a6eae761ceb1190cc38098caed44fef0225bd108055919:8540452 l2block=0x217b4fb70fc0fe809d15110ea10fbb57e44e37faead5131c9bf0288ba77a7935:741
t=2025-11-22T23:48:45+0530 lvl=info msg="Walking back L1Block by hash" curr=0x7a78e46aeb02bad281a6eae761ceb1190cc38098caed44fef0225bd108055919:8540452 next=0x3db04bc1c12573f3d5026329dd9c8396e4c44aa97beac2da7c4ff1bdba157995:8540451 l2block=0xca9ed63f73e9b9e068e1aa5e207734c25d5c9b5d434dacc9392ff0f98b586661:740
t=2025-11-22T23:48:45+0530 lvl=info msg="Walking back L1Block by hash" curr=0x3db04bc1c12573f3d5026329dd9c8396e4c44aa97beac2da7c4ff1bdba157995:8540451 next=0xb984ba533208041b2d2544a3d8a03b1cbd7b6a395ab4a28d04ae7313e03925ca:8540450 l2block=0xbe3205a352528c64ee7bafd598162cf7baa9ad93acdf55d0f8d46f4ef160b880:739
t=2025-11-22T23:48:46+0530 lvl=info msg="Walking back L1Block by hash" curr=0xb984ba533208041b2d2544a3d8a03b1cbd7b6a395ab4a28d04ae7313e03925ca:8540450 next=0x6cf72ae54d0d27267226a0417bf8384725fee19f29a3eaed264c645d273823de:8540449 l2block=0xb2b37d5bfdab9b748e71a17d9b160c8d81b3e59261d38f1eede55182619fc504:738
t=2025-11-22T23:48:46+0530 lvl=info msg="Walking back L1Block by hash" curr=0x6cf72ae54d0d27267226a0417bf8384725fee19f29a3eaed264c645d273823de:8540449 next=0x104ddc7cd9d81964792a5c10866f894c9a9fd8b07f40045259dbcab2ce693394:8540448 l2block=0xd4dc145e1a950c7983ca287f9e85a9b69b76690fa03be2ea2de1d65ca19a8a8f:737
t=2025-11-22T23:48:47+0530 lvl=info msg="Walking back L1Block by hash" curr=0x104ddc7cd9d81964792a5c10866f894c9a9fd8b07f40045259dbcab2ce693394:8540448 next=0x4945015ef5181c7202d08e2f414a4ba8b1f2106339179c6ff86a9f70a43b9c69:8540447 l2block=0x11a3e5d93133ae837df60ac3f37f504e7ae08cc8219449920107ee95f80d1dae:736
t=2025-11-22T23:48:47+0530 lvl=info msg="Walking back L1Block by hash" curr=0x4945015ef5181c7202d08e2f414a4ba8b1f2106339179c6ff86a9f70a43b9c69:8540447 next=0x27ed063e4b4196040a1a40563c78cf38ce3f671d0dc9f30e66f7ab28fb59a797:8540446 l2block=0x2250c6f70607fbcf0111424b42950e7e85e996a3ffbcc0d59b612770f8d1420b:735
t=2025-11-22T23:48:47+0530 lvl=info msg="Walking back L1Block by hash" curr=0x27ed063e4b4196040a1a40563c78cf38ce3f671d0dc9f30e66f7ab28fb59a797:8540446 next=0xc6795b44e70129e1bcc6a3459fd97ded4fabed523bb311d15d19ad2e3a295bc3:8540445 l2block=0xd6254f8c601aab4a4d2f5b9cf26c34b9717fa19fdbdbdd7b81969c20894c71aa:734
t=2025-11-22T23:48:49+0530 lvl=info msg="Walking back L1Block by hash" curr=0xc6795b44e70129e1bcc6a3459fd97ded4fabed523bb311d15d19ad2e3a295bc3:8540445 next=0x984df72c936c5d28bd6f96ee2567294bce74eba6d83dba5d534476139ab8c9ba:8540444 l2block=0x978131d4a8efd5789208a0cd1a91cb0b9905c6dcd48369e2f26656c604b4c790:733
t=2025-11-22T23:48:50+0530 lvl=info msg="Walking back L1Block by hash" curr=0x984df72c936c5d28bd6f96ee2567294bce74eba6d83dba5d534476139ab8c9ba:8540444 next=0x873a50fca608541838030c08e783e4edfe46c183fe0336b668bf33457fcc2149:8540443 l2block=0xa49cb71867b016a0ac7fe62e610a36bfc0607bd60b736b7e8ccfc81147e6cb7e:732
t=2025-11-22T23:48:50+0530 lvl=info msg="Walking back L1Block by hash" curr=0x873a50fca608541838030c08e783e4edfe46c183fe0336b668bf33457fcc2149:8540443 next=0x804771637ded9e313f28ef28f978b16d1ae5d1752e06a4569133172373ef30f2:8540442 l2block=0x5e0875c0b1244701422fb351435f9891215e2b4ebfc7cc19ccbff2d33e8aa21f:731
t=2025-11-22T23:48:51+0530 lvl=info msg="Walking back L1Block by hash" curr=0x804771637ded9e313f28ef28f978b16d1ae5d1752e06a4569133172373ef30f2:8540442 next=0xfb1f7e5269111b2146870c9ae2d5e040267d3f1da5283c2bfd67b979414eba06:8540441 l2block=0x1d032394c5a5e1beba94390307f50faf706f91013e3fab4c4b7d724583be1918:730
t=2025-11-22T23:48:51+0530 lvl=info msg="Walking back L1Block by hash" curr=0xfb1f7e5269111b2146870c9ae2d5e040267d3f1da5283c2bfd67b979414eba06:8540441 next=0x5e295d69a98f9270102150c3b90851c7f1e0c1bf6589440a643cfbecda5c1bdc:8540440 l2block=0x41c470cc9e07874319a33def1050e081466287c7d37b60843294f71f8c032d64:729
t=2025-11-22T23:48:51+0530 lvl=info msg="Walking back L1Block by hash" curr=0x5e295d69a98f9270102150c3b90851c7f1e0c1bf6589440a643cfbecda5c1bdc:8540440 next=0x210612cec17d3f987a2b4937aa50ede2037cbdb36b3c9a1c7d0463605753347d:8540439 l2block=0xafbed0af488178d15b97be3e2e743da6a3f8b913fda179d08563dea86ae94a66:728
t=2025-11-22T23:48:52+0530 lvl=info msg="Walking back L1Block by hash" curr=0x210612cec17d3f987a2b4937aa50ede2037cbdb36b3c9a1c7d0463605753347d:8540439 next=0xfe532217422b44b78fe657e8cdfefc8b22c737001029ebb81f8eb97aaeafc2c4:8540438 l2block=0xd1904f760b8f4e1d7fcae9010073fc7b86180345427a4998086ba07cfb492e23:727
t=2025-11-22T23:48:52+0530 lvl=info msg="Walking back L1Block by hash" curr=0xfe532217422b44b78fe657e8cdfefc8b22c737001029ebb81f8eb97aaeafc2c4:8540438 next=0xebf990f05be174b04d09c56f46e10906fb97b942a23f163cca09c5fce538091e:8540437 l2block=0x00b9971e027d0e4df0ce35631275738ad225953f772f3641246c2a5054f24713:726
t=2025-11-22T23:48:53+0530 lvl=info msg="Walking back L1Block by hash" curr=0xebf990f05be174b04d09c56f46e10906fb97b942a23f163cca09c5fce538091e:8540437 next=0x9b05925412cdf14692544571c5d82238c65ef24cfa2554d38e022d92609dbdf2:8540436 l2block=0x3e1ce2c4a4883e6e4298a890530ff3457766242504fc02c97e454f39147bccaf:725
t=2025-11-22T23:48:53+0530 lvl=info msg="Walking back L1Block by hash" curr=0x9b05925412cdf14692544571c5d82238c65ef24cfa2554d38e022d92609dbdf2:8540436 next=0xb8957647f3771718800fb5352f7501308cee063c2944268203eb6337d8963954:8540435 l2block=0x0d603491c6ae75315e8b953f42e33bf4f9f40cbc71d546822cfee2f26e43efd9:724
t=2025-11-22T23:48:54+0530 lvl=info msg="Walking back L1Block by hash" curr=0xb8957647f3771718800fb5352f7501308cee063c2944268203eb6337d8963954:8540435 next=0xe6f4e71148cdd43977788c72f744e28e8c30f7623971363a27e8ef55bb20f0c3:8540434 l2block=0xef99f77498d1259158d72cff1ba4b25c84a648da8ba6d3dab7edf0294aeb9355:723
t=2025-11-22T23:48:55+0530 lvl=info msg="Walking back L1Block by hash" curr=0xe6f4e71148cdd43977788c72f744e28e8c30f7623971363a27e8ef55bb20f0c3:8540434 next=0xf357a076f88bd0ecdad83d7cf5e9ab97a5d33f3ce49037ee661ddef4b202581e:8540433 l2block=0xa2b7f8392ad0faf8aad51d3841ab1be6ec2972568da4b24fd3149fb92a797479:722
t=2025-11-22T23:48:55+0530 lvl=info msg="Walking back L1Block by hash" curr=0xf357a076f88bd0ecdad83d7cf5e9ab97a5d33f3ce49037ee661ddef4b202581e:8540433 next=0x059d7da955b7f3ea6af91a8774ed1923e841e752f7e68b4aa9158c2ea6b7fb9f:8540432 l2block=0x802716a7559fa311fbdcbbc18e83f50cf44bddf58dbe14fe4f9b993cbedba29d:721
t=2025-11-22T23:48:56+0530 lvl=info msg="Walking back L1Block by hash" curr=0x059d7da955b7f3ea6af91a8774ed1923e841e752f7e68b4aa9158c2ea6b7fb9f:8540432 next=0xad646f702b9a84294397f44eedb1b27d927edc7bfacc2ae1a76b0144a51dcb9d:8540431 l2block=0x7c9d5262b9ede10b3705bb5c2d805797d807064791f3a61543a4ecc438c2c826:720
t=2025-11-22T23:48:56+0530 lvl=warn msg="L1 head signal indicates a possible L1 re-org" old_l1_head=0x3df78bb3801b4fc22f1580cb09a28046cd7a0ef9ea42bbf1e89647db204f879e:10551535 new_l1_head_parent=0x2cc42248308223f96d79fabd543cd7781f1b1cac303c2f43a53ec564bd1d570d new_l1_head=0xc732f5fb3c8b0e047a68fc8b259e915c89a1e88102e0ab7915b24166a93abd98:10551547
t=2025-11-22T23:48:57+0530 lvl=info msg="Walking back L1Block by hash" curr=0xad646f702b9a84294397f44eedb1b27d927edc7bfacc2ae1a76b0144a51dcb9d:8540431 next=0x31a7bbc8f92ea669ab8bf59d430cc819647f114aa72f9dc4e20de1dcab4cb05c:8540430 l2block=0xf7f1ea96c7c978da507da0623cc906371b379269833596d0efd42bed564d24a1:719
t=2025-11-22T23:48:57+0530 lvl=info msg="Walking back L1Block by hash" curr=0x31a7bbc8f92ea669ab8bf59d430cc819647f114aa72f9dc4e20de1dcab4cb05c:8540430 next=0x583d27002efce18d65391b31735cbe9f8ce65f3ce831e00ba535e84c6a362992:8540429 l2block=0xba898a5ac32dc661f3ea15fb0db4e3360e0599db8509b97bdf1f163df50b1289:718
t=2025-11-22T23:48:58+0530 lvl=info msg="Walking back L1Block by hash" curr=0x583d27002efce18d65391b31735cbe9f8ce65f3ce831e00ba535e84c6a362992:8540429 next=0x33456b399af5f21aec1203761db1a0b68eebb9cf0025e878e2ec5a6613aa6d95:8540428 l2block=0x310d661d7beeebc9f0e2186be8a64b2fffeae381e21f727a6d7cdc00e2751fca:717
t=2025-11-22T23:48:58+0530 lvl=info msg="Walking back L1Block by hash" curr=0x33456b399af5f21aec1203761db1a0b68eebb9cf0025e878e2ec5a6613aa6d95:8540428 next=0xbc74d5ab5a7a05e98512d87142b66854c9da4c31226993bd1adf215284cf61e1:8540427 l2block=0xe881c64253abe00b828de027c4f2bfff369aa00d55abf999fd7e93e4a45479d3:716
t=2025-11-22T23:48:58+0530 lvl=info msg="Walking back L1Block by hash" curr=0xbc74d5ab5a7a05e98512d87142b66854c9da4c31226993bd1adf215284cf61e1:8540427 next=0x873ec9fa1a98533d887fd068d0a73e97d289bc676fa68f40045cfa76a444f884:8540426 l2block=0x30173560fb2e6d0ee9d455ae446c64968ec2a9829e060a5f833dfef4150bda44:715
t=2025-11-22T23:48:59+0530 lvl=info msg="Walking back L1Block by hash" curr=0x873ec9fa1a98533d887fd068d0a73e97d289bc676fa68f40045cfa76a444f884:8540426 next=0xc37b09b10e8706f841c1b188afce38ac9bf3a13296f8ef76eee2ab2017078ea2:8540425 l2block=0x30b8fa4d727a6385f3b8c9fa22d9709462c669451e26b901d17d7c7ae74777b0:714
t=2025-11-22T23:48:59+0530 lvl=info msg="Walking back L1Block by hash" curr=0xc37b09b10e8706f841c1b188afce38ac9bf3a13296f8ef76eee2ab2017078ea2:8540425 next=0xfd90ed5a7fe638750b943d888abaf366872d96cbda63b86be3f3815cfa65f761:8540424 l2block=0x705fbcca2a6db5d31357cf845eb756f53550ee3ebae01423bc8aea6f4a367c56:713
t=2025-11-22T23:49:00+0530 lvl=info msg="Walking back L1Block by hash" curr=0xfd90ed5a7fe638750b943d888abaf366872d96cbda63b86be3f3815cfa65f761:8540424 next=0x98d85298066bc96758a16768f2343f5b6ecf082cc40657917737c2e395a195be:8540423 l2block=0x2e3559bf2f644959fcfc3f05f2c151a3a8dd595daa563ac7891dccfc7065f1e8:712
t=2025-11-22T23:49:00+0530 lvl=info msg="Walking back L1Block by hash" curr=0x98d85298066bc96758a16768f2343f5b6ecf082cc40657917737c2e395a195be:8540423 next=0x0a89622267bfb9d48546652ed2d0d04ad9941588f021350407589f02537abff8:8540422 l2block=0xf1db532e005566d1be62ef694bd234f5c3cc8b44e0a23aefb62d5c9c0c33d8c5:711
t=2025-11-22T23:49:00+0530 lvl=info msg="Walking back L1Block by hash" curr=0x0a89622267bfb9d48546652ed2d0d04ad9941588f021350407589f02537abff8:8540422 next=0xda8f83e8214883f86dd1e9bfd752f0882cd71f4945db4109a588aeb1417359d0:8540421 l2block=0x9f8fdaee1099a434ab435f8369e74dd86ba74c12dd5e87f48ccf57c4b65612e0:710
t=2025-11-22T23:49:00+0530 lvl=info msg="Walking back L1Block by hash" curr=0xda8f83e8214883f86dd1e9bfd752f0882cd71f4945db4109a588aeb1417359d0:8540421 next=0xf2985ae9c3bf9ca89eec4e095ad53325206a6c14cabeea96e8441572728dc402:8540420 l2block=0x570c44f682f738df820a9bfdb37c80405b402e646b29ed94a73bf98a5b7b96e1:709
t=2025-11-22T23:49:01+0530 lvl=info msg="Walking back L1Block by hash" curr=0xf2985ae9c3bf9ca89eec4e095ad53325206a6c14cabeea96e8441572728dc402:8540420 next=0xbde8b5de9fbe0278d24adfcf35bdce1c99519486f3f08bb28662e10957d462a6:8540419 l2block=0x194a53ef3d1bc94bb3c6f56489c85662778b2206b64ac3322b2c926fe0ff876f:708
t=2025-11-22T23:49:01+0530 lvl=info msg="Walking back L1Block by hash" curr=0xbde8b5de9fbe0278d24adfcf35bdce1c99519486f3f08bb28662e10957d462a6:8540419 next=0x0e82faca54ef24be8cfbcbfe337a97e4c1693485b733c14457dabb19da892e7e:8540418 l2block=0x8619a6f79511ff6ec4eefc4b99af81bc341579e805065ad333ddaae25e5d1ffd:707
t=2025-11-22T23:49:02+0530 lvl=info msg="Walking back L1Block by hash" curr=0x0e82faca54ef24be8cfbcbfe337a97e4c1693485b733c14457dabb19da892e7e:8540418 next=0xedf8827634fb58556e25261f690e4189efb17f13eb46febc873b566d61d3de48:8540417 l2block=0xa8d3eedd70e76512a96bca0d0638f7a502259db72852ad23d72c9bea6179f42b:706
t=2025-11-22T23:49:02+0530 lvl=info msg="Walking back L1Block by hash" curr=0xedf8827634fb58556e25261f690e4189efb17f13eb46febc873b566d61d3de48:8540417 next=0x4d9dc2046babc7e6a5fd10396a030e138500cf7c4ffbd9769fe043c0ab266187:8540416 l2block=0x30d5a19872b8c96e0b32731e7720f44ed205e713602d4156fa977964aca55e01:705
t=2025-11-22T23:49:03+0530 lvl=info msg="Walking back L1Block by hash" curr=0x4d9dc2046babc7e6a5fd10396a030e138500cf7c4ffbd9769fe043c0ab266187:8540416 next=0x89e0abbd5e78528ab02c89562cd758b82409ac29cc40af475edbed1976a9921e:8540415 l2block=0xffd3bcdfcaa3f0471d8affc50d14832569e4628930b4d301237d2711f670983d:704
t=2025-11-22T23:49:03+0530 lvl=info msg="Walking back L1Block by hash" curr=0x89e0abbd5e78528ab02c89562cd758b82409ac29cc40af475edbed1976a9921e:8540415 next=0x782e73768c3ec6ad2f3c6caba0f9edab49c33b49ad7ef88e7fd18564c142c1ed:8540414 l2block=0x20574256ecf8a53f33860472e5194d1f05ed9509c2da6250b9a964c10fc8748d:703
t=2025-11-22T23:49:04+0530 lvl=info msg="Walking back L1Block by hash" curr=0x782e73768c3ec6ad2f3c6caba0f9edab49c33b49ad7ef88e7fd18564c142c1ed:8540414 next=0xf1e846bc589c9149d6d4f77f734c6c70acf40b8788fd821f7c1bcf8c1cd10862:8540413 l2block=0xc7a3726a16f6d4bcd942280a9bc4e56ef7394a97174ba35597863f86eca0ed59:702
t=2025-11-22T23:49:04+0530 lvl=info msg="Walking back L1Block by hash" curr=0xf1e846bc589c9149d6d4f77f734c6c70acf40b8788fd821f7c1bcf8c1cd10862:8540413 next=0x2814e172a45c3aff793819892baedcf4aa4deb8e8cbb323dd82b1dd560b2815e:8540412 l2block=0x98d1a4a15a018129424ea0fe85b71603d2d672765cc01f2ce9fb55d94cc32083:701
t=2025-11-22T23:49:05+0530 lvl=info msg="Walking back L1Block by hash" curr=0x2814e172a45c3aff793819892baedcf4aa4deb8e8cbb323dd82b1dd560b2815e:8540412 next=0x263af285796d47991079415a45c7c5ae99add5a571e0521749dcfaa932a21a05:8540411 l2block=0x161e80cc0fc1c4ae52936b1d976ad9402a3ae8b02967f4e7de8d845bf220556b:700
t=2025-11-22T23:49:05+0530 lvl=info msg="Walking back L1Block by hash" curr=0x263af285796d47991079415a45c7c5ae99add5a571e0521749dcfaa932a21a05:8540411 next=0x91013caf6d54cf28248f049414215474ed7c87b2a0961827a22c7ee0b6d94b18:8540410 l2block=0x3b1d2d8908628147706d42bd8d22451b8df976755a0aaccd056a796810c5a0a6:699
t=2025-11-22T23:49:05+0530 lvl=info msg="Walking back L1Block by hash" curr=0x91013caf6d54cf28248f049414215474ed7c87b2a0961827a22c7ee0b6d94b18:8540410 next=0xd496cd97e99632fe1d7acc4ba02723dd362fc6bbc093ec7465d373c5ecc051ab:8540409 l2block=0xac3c3f098ebf95ae5df7924ea45d68327f46bb71b110de55d20c16893dec6f21:698
t=2025-11-22T23:49:06+0530 lvl=info msg="Walking back L1Block by hash" curr=0xd496cd97e99632fe1d7acc4ba02723dd362fc6bbc093ec7465d373c5ecc051ab:8540409 next=0x6eed33ab17eb821aadb15b9c3f74021cf3279eb9899b1a250adc37f3d07905b8:8540408 l2block=0x49b42e2e5187ed0f87aa645d57d1a41de898f5a2e8b604dea584de19e40d80ac:697
t=2025-11-22T23:49:06+0530 lvl=info msg="Walking back L1Block by hash" curr=0x6eed33ab17eb821aadb15b9c3f74021cf3279eb9899b1a250adc37f3d07905b8:8540408 next=0xb7ec02dba7b27277b690f2486d855577081d0286ca4e693945f35692a97f78d6:8540407 l2block=0x86f0075051137f13ac0a371b2ee7fd75f926af32f4c614b8b3a1221e7d99e214:696
t=2025-11-22T23:49:06+0530 lvl=info msg="Walking back L1Block by hash" curr=0xb7ec02dba7b27277b690f2486d855577081d0286ca4e693945f35692a97f78d6:8540407 next=0x1c28510b597276cc7488794fdda886f8ff658c13a614372589b06f3718964e9d:8540406 l2block=0x2b2ce977355a8b64a453c4cc0c38af0ff14c061806e2fb35d8ddaf5520d1d993:695
t=2025-11-22T23:49:07+0530 lvl=info msg="Walking back L1Block by hash" curr=0x1c28510b597276cc7488794fdda886f8ff658c13a614372589b06f3718964e9d:8540406 next=0x05ed5338ce66ed81c04120289b53358d12ff412930c4f7e9ca2387bd12f6a159:8540405 l2block=0xcad69542856bc46c46e25b376bf111996db6feb8e2e863457c2c9002f8124f50:694
t=2025-11-22T23:49:07+0530 lvl=info msg="Walking back L1Block by hash" curr=0x05ed5338ce66ed81c04120289b53358d12ff412930c4f7e9ca2387bd12f6a159:8540405 next=0x1b8d13acf2e36764125663e24f5ca7f6968fa68443de92125cb501414963dcd0:8540404 l2block=0xc5c43373a6afde907f872c5ba33ace2d636a76c48f7672a6a9795ba982e4c058:693
t=2025-11-22T23:49:08+0530 lvl=info msg="Walking back L1Block by hash" curr=0x1b8d13acf2e36764125663e24f5ca7f6968fa68443de92125cb501414963dcd0:8540404 next=0xdabf3f06476529d7ebb32b49bb7f69a8f9bc6b1751fe7e22dab2ec7a836bfa1f:8540403 l2block=0xc4bb84bf9db5a257217c8a2f0cce089937ee788a1bd420725673e29c2e42e347:692
t=2025-11-22T23:49:08+0530 lvl=warn msg="L1 head signal indicates a possible L1 re-org" old_l1_head=0xc732f5fb3c8b0e047a68fc8b259e915c89a1e88102e0ab7915b24166a93abd98:10551547 new_l1_head_parent=0xe54cf0bbf174893470b8fb4267606d9a26fe2ed0747897025a29f6c1ca94158b new_l1_head=0x05ee54d86dc3f0c96de3f43f964bab126146907d5a5fad25597c36bde01a6e58:10551559
t=2025-11-22T23:49:08+0530 lvl=info msg="Walking back L1Block by hash" curr=0xdabf3f06476529d7ebb32b49bb7f69a8f9bc6b1751fe7e22dab2ec7a836bfa1f:8540403 next=0xd5e0ae62a2882ad1ce9b7348cf47dec86f114bb32eb0f020b9de8b0842fc0a51:8540402 l2block=0x7c8e4d9d26bab551497892d5c400ab50e4656cbc13d482709948450afc9d1358:691
t=2025-11-22T23:49:09+0530 lvl=info msg="Walking back L1Block by hash" curr=0xd5e0ae62a2882ad1ce9b7348cf47dec86f114bb32eb0f020b9de8b0842fc0a51:8540402 next=0xea33d106c16e2c4f97aa960c3cd724d3b48e704d403c3706c3ff2b760a9922b7:8540401 l2block=0xd7504ff79429dae7bf27935e018efb5bce1843a69ba8ea042bb48181a1b647d7:690
t=2025-11-22T23:49:09+0530 lvl=info msg="Walking back L1Block by hash" curr=0xea33d106c16e2c4f97aa960c3cd724d3b48e704d403c3706c3ff2b760a9922b7:8540401 next=0x098032bd52489becea084df9a06f567d765f6fd2a960c496cced5594cc38c4f4:8540400 l2block=0xbf930b546ec3c38831baf3f2a42fdfa737864f6a566d455261d10b52a7ca6783:689
t=2025-11-22T23:49:10+0530 lvl=info msg="Walking back L1Block by hash" curr=0x098032bd52489becea084df9a06f567d765f6fd2a960c496cced5594cc38c4f4:8540400 next=0x42d572b870531005f539e3fbd6fb72bb02af208a6bafcb3711d7dc77453ea968:8540399 l2block=0xe65eac5d1c35fed2c4cf9e913bff658764f3a917379f54e76aa9485324b28284:688
t=2025-11-22T23:49:10+0530 lvl=info msg="Walking back L1Block by hash" curr=0x42d572b870531005f539e3fbd6fb72bb02af208a6bafcb3711d7dc77453ea968:8540399 next=0x64dbb96a4b02f62e526a0bf5c55d63042fd7c663a6893105df2cff8e835ce9c1:8540398 l2block=0x496d9c726732454fb9641b18df0af99a58a30835b8086607e05f7917964803e1:687
t=2025-11-22T23:49:11+0530 lvl=info msg="Walking back L1Block by hash" curr=0x64dbb96a4b02f62e526a0bf5c55d63042fd7c663a6893105df2cff8e835ce9c1:8540398 next=0x26ec9cad994cb0d26fb7a1660ac98d64a1c5fc8b3be0b19692c2ca48a7ff3e2b:8540397 l2block=0xbaa8749ddb3effbc83bf5be0c5893c220907c20324c1a48d4167b190ef47819a:686
t=2025-11-22T23:49:12+0530 lvl=info msg="Walking back L1Block by hash" curr=0x26ec9cad994cb0d26fb7a1660ac98d64a1c5fc8b3be0b19692c2ca48a7ff3e2b:8540397 next=0x137e736edb04c06530c2f2c0eb767868ad7047b9163e04d5d15d0f4c3a371ff0:8540396 l2block=0x497ef622af22b579651eaaad9c5c1cc4ec908b87a039adf70b6da83376e5c014:685
t=2025-11-22T23:49:12+0530 lvl=info msg="Walking back L1Block by hash" curr=0x137e736edb04c06530c2f2c0eb767868ad7047b9163e04d5d15d0f4c3a371ff0:8540396 next=0x08ea2ee9cd7ebb314c2ba86743ee779383000dfea3c5a2833ffbdcfb1557c3a9:8540395 l2block=0xdb5fc219042193537e04d0c4ee74e4d25162986028fbbc1bef50331ebf258932:684
t=2025-11-22T23:49:12+0530 lvl=info msg="Walking back L1Block by hash" curr=0x08ea2ee9cd7ebb314c2ba86743ee779383000dfea3c5a2833ffbdcfb1557c3a9:8540395 next=0x87e20ca5cc3da9232eddd0beaf0a18e6183abf187cb8719b1e9d9c7b7ec81258:8540394 l2block=0x588a7370f3a13ef1bac94ed5b5a7ae11fbcb42ed9d2c94ba3f5e2ce5aa7d77ac:683
t=2025-11-22T23:49:13+0530 lvl=info msg="Walking back L1Block by hash" curr=0x87e20ca5cc3da9232eddd0beaf0a18e6183abf187cb8719b1e9d9c7b7ec81258:8540394 next=0x69baf3b0de97d224f0b2c574bd42dc55f409a120c432cda96897c5c8d179abd6:8540393 l2block=0x85d2c23e873620958045cc0ec541d524c18ef4bb01bfb6a1e90a4f349bd4f681:682
t=2025-11-22T23:49:13+0530 lvl=info msg="Walking back L1Block by hash" curr=0x69baf3b0de97d224f0b2c574bd42dc55f409a120c432cda96897c5c8d179abd6:8540393 next=0x1d585d68720cb4ad68f1cd1dd4a4ad5ec3f2d1a484808846172b5f692f4ac12c:8540392 l2block=0xa82e373b6cbcdefe21385265731f4f1031a5e6ab9c4f15d9057cf8c25d803c58:681
t=2025-11-22T23:49:14+0530 lvl=info msg="Walking back L1Block by hash" curr=0x1d585d68720cb4ad68f1cd1dd4a4ad5ec3f2d1a484808846172b5f692f4ac12c:8540392 next=0xd3fefd2b18c456376a49e729fadfc1b044ee2527b21c8c3908c5c7958c64f7ac:8540391 l2block=0x85f5290b0843ee5cbe209aa0cb7812dd60f0076087c299808cc50bacb63a54de:680
t=2025-11-22T23:49:14+0530 lvl=info msg="Walking back L1Block by hash" curr=0xd3fefd2b18c456376a49e729fadfc1b044ee2527b21c8c3908c5c7958c64f7ac:8540391 next=0x687b65431afd402fedf60fae60d00f0d83424ea15c010684614d04ccf4e786b5:8540390 l2block=0xa0eb6895f5e38c1365a4cd81e040a13bc179bbcbfe77b0fb0cdef0ba7ac08127:679
t=2025-11-22T23:49:16+0530 lvl=info msg="Walking back L1Block by hash" curr=0x687b65431afd402fedf60fae60d00f0d83424ea15c010684614d04ccf4e786b5:8540390 next=0xfbfdbfa149ca25fd4780c7145fd94b3420df9ebaee9d2a67e81626280cd16058:8540389 l2block=0xf79fd6b61c2516a2f09006ba66a652d3005cff60afd074fc44cafa6a0cf2a3ab:678
t=2025-11-22T23:49:17+0530 lvl=info msg="Walking back L1Block by hash" curr=0xfbfdbfa149ca25fd4780c7145fd94b3420df9ebaee9d2a67e81626280cd16058:8540389 next=0xca59c09f4222a6208689fb58c0b15cab88c7591f68607ff1fb2e868b13d9226f:8540388 l2block=0x5309d229079f798b03eaa142c380d8e2451c3a368313fd9ee893491838f92345:677
t=2025-11-22T23:49:17+0530 lvl=info msg="Walking back L1Block by hash" curr=0xca59c09f4222a6208689fb58c0b15cab88c7591f68607ff1fb2e868b13d9226f:8540388 next=0x95e21e9f3d47a8dbea98e92754c11ab15f5db24c1162cab14c874fc378dd9efe:8540387 l2block=0x67f39f39acf8e6c696020f64495c5683f155b6e810199fad5feb3195aa28da2d:676
t=2025-11-22T23:49:18+0530 lvl=info msg="Walking back L1Block by hash" curr=0x95e21e9f3d47a8dbea98e92754c11ab15f5db24c1162cab14c874fc378dd9efe:8540387 next=0xac63ee91880416180469aa6310b6a81cba910a4587dccdaac7e97d95f8547deb:8540386 l2block=0xa5763a86f710902a63d79b29eb943a7c8dff17bd918bcd8c789fc519b1809c93:675
t=2025-11-22T23:49:19+0530 lvl=info msg="Walking back L1Block by hash" curr=0xac63ee91880416180469aa6310b6a81cba910a4587dccdaac7e97d95f8547deb:8540386 next=0x6e5d408fec5e86eae8d30252f02ce0e63dc25e7ca63d6b03bbd610c15a80a48b:8540385 l2block=0x3752197304b6a8230056c46ba4b5206ec2e457bd87b4deda0a56dd8a535338ca:674
t=2025-11-22T23:49:19+0530 lvl=info msg="Walking back L1Block by hash" curr=0x6e5d408fec5e86eae8d30252f02ce0e63dc25e7ca63d6b03bbd610c15a80a48b:8540385 next=0x75023ed88da479b6290574e27d575ebc250329a2db45458d0c2fe4c94cc2f291:8540384 l2block=0x7c0e0bca9d0afb67247a5cecb1123119fa65bf0908c195556a36a3c0648779f7:673
t=2025-11-22T23:49:19+0530 lvl=info msg="Walking back L1Block by hash" curr=0x75023ed88da479b6290574e27d575ebc250329a2db45458d0c2fe4c94cc2f291:8540384 next=0x4c5b9a180e4b63af101b1734ba29cf4908decdf404b82d391e9675147bc50a9a:8540383 l2block=0x95088fe13ca2cd58e991a70317ca8764c37933cccfab9683c1529562974345ad:672
t=2025-11-22T23:49:19+0530 lvl=info msg="Walking back L1Block by hash" curr=0x4c5b9a180e4b63af101b1734ba29cf4908decdf404b82d391e9675147bc50a9a:8540383 next=0x19fa233e114205fe2214923a47a1cb402fbd8b118c2c3e5297bb10a2999d2c93:8540382 l2block=0xa449588b3b2c969c466b8c52add3bc383a6fc80a5cf353caa45b2cea21ce90c2:671
t=2025-11-22T23:49:20+0530 lvl=info msg="Walking back L1Block by hash" curr=0x19fa233e114205fe2214923a47a1cb402fbd8b118c2c3e5297bb10a2999d2c93:8540382 next=0xc7a5009937d08b9fe2bac90f8936f8184413e7268b532cce0f01d872b9244540:8540381 l2block=0x8d570e0fdb3780b1eb465ae29e1a27882a31fc4eb29110d0af790c28e95df937:670
t=2025-11-22T23:49:20+0530 lvl=info msg="Walking back L1Block by hash" curr=0xc7a5009937d08b9fe2bac90f8936f8184413e7268b532cce0f01d872b9244540:8540381 next=0x217f54bdc4420dd13a3e3372e0bad70070ca7224d9c703ac1ee5e8932fc4f8a0:8540380 l2block=0x48341df420c299846feacce37a78925c5284f75b61617c50a3e37f3875bda133:669
t=2025-11-22T23:49:20+0530 lvl=info msg="Walking back L1Block by hash" curr=0x217f54bdc4420dd13a3e3372e0bad70070ca7224d9c703ac1ee5e8932fc4f8a0:8540380 next=0x18094a80f623ca6b101ad4692f010b087b688346a6964ffefd4566978ab3a040:8540379 l2block=0xc5d87a7716255e3c08754344f59affe82c7d02de3d9182b92da5662b996c0127:668
t=2025-11-22T23:49:21+0530 lvl=warn msg="L1 head signal indicates a possible L1 re-org" old_l1_head=0x05ee54d86dc3f0c96de3f43f964bab126146907d5a5fad25597c36bde01a6e58:10551559 new_l1_head_parent=0x263ecdd2bb345daf2f16dad8b26d90442b8f890f4d6271acf78bbf6788b6a5ab new_l1_head=0x6953fff2fc408cbc453ad7059012a3b3af63da32511b65705347694e15425529:10551572
t=2025-11-22T23:49:21+0530 lvl=info msg="Walking back L1Block by hash" curr=0x18094a80f623ca6b101ad4692f010b087b688346a6964ffefd4566978ab3a040:8540379 next=0xc08fb6efd0451b415fe13ff437ac633ff245e15e39c1337d9757da82bc29cb65:8540378 l2block=0x21634caf3913b341f47bb9ba30982d6a1aefada247589346c929cb026556763b:667
t=2025-11-22T23:49:21+0530 lvl=info msg="Walking back L1Block by hash" curr=0xc08fb6efd0451b415fe13ff437ac633ff245e15e39c1337d9757da82bc29cb65:8540378 next=0x633308706f932d3b37d9137de9ecf0e8f3d6300fe93af8e39b3ccc5fb07a3e1f:8540377 l2block=0x7da7b68e2de51352c78a35ea0d62929c6018c9d99ca00655a3797ec4d9d860de:666
t=2025-11-22T23:49:22+0530 lvl=info msg="Walking back L1Block by hash" curr=0x633308706f932d3b37d9137de9ecf0e8f3d6300fe93af8e39b3ccc5fb07a3e1f:8540377 next=0xad9f45b1662cae2fec30ff8649149374bee40f0d53333c70411bc92993fc507c:8540376 l2block=0xaf1bf564a5b4d78b5940dd99ab3cee1f5f0e74e55c0c3f1a08eca20570006614:665
t=2025-11-22T23:49:22+0530 lvl=info msg="Walking back L1Block by hash" curr=0xad9f45b1662cae2fec30ff8649149374bee40f0d53333c70411bc92993fc507c:8540376 next=0xdf35257c385fee9cd934ac0aa6c2ae3b5c441e04d53456a490b7356d423ca023:8540375 l2block=0x2895d38805fc2809954e251990a95580173e09e78a5aaad5040d9e4dd5b6f35b:664
t=2025-11-22T23:49:22+0530 lvl=info msg="Walking back L1Block by hash" curr=0xdf35257c385fee9cd934ac0aa6c2ae3b5c441e04d53456a490b7356d423ca023:8540375 next=0x5b6fa019a4cdb0f1f817787c800007fec2f710b592c1511b8c2afcacfc442aef:8540374 l2block=0x877b2d612274fc5d726679cebd781e47719ff8c5fdeb50e3628e2e462da14387:663
t=2025-11-22T23:49:23+0530 lvl=info msg="Walking back L1Block by hash" curr=0x5b6fa019a4cdb0f1f817787c800007fec2f710b592c1511b8c2afcacfc442aef:8540374 next=0xae7fd622cd33c6988464e0dde18c4c8fdf33cc703ba4bf8096dbe9f94df12669:8540373 l2block=0xb3d64116bfb6d4aa1ac0b2fa0066cf8e6d1636628e9e1ae03f6b44ff94b1231a:662
t=2025-11-22T23:49:23+0530 lvl=info msg="Walking back L1Block by hash" curr=0xae7fd622cd33c6988464e0dde18c4c8fdf33cc703ba4bf8096dbe9f94df12669:8540373 next=0x47197091db344f384f46d452c2099735f2d731ee1801a962674bc5342c726850:8540372 l2block=0xdd448b0fafcaf4cfd9ab7e224ba9f782e2af60610c79ddd6ae348487c1a4fbaa:661
t=2025-11-22T23:49:24+0530 lvl=info msg="Walking back L1Block by hash" curr=0x47197091db344f384f46d452c2099735f2d731ee1801a962674bc5342c726850:8540372 next=0xf3945906e1a016976c41d5e400316a3e4510955e8c1c40c278d993dc873d9e3b:8540371 l2block=0xa73a260f045419d11aac357117aa460a63c77986efe4eb2fe29338299a418841:660
t=2025-11-22T23:49:24+0530 lvl=info msg="Walking back L1Block by hash" curr=0xf3945906e1a016976c41d5e400316a3e4510955e8c1c40c278d993dc873d9e3b:8540371 next=0x7780f49a71d46537987c566f48939270f6779f546a151eb8add4a1641ec4ac48:8540370 l2block=0x1c3727c5edd5ad725e2483f0d0cdb0e8d156b74ff36ee57c1f880d444d8c5819:659
t=2025-11-22T23:49:25+0530 lvl=info msg="Walking back L1Block by hash" curr=0x7780f49a71d46537987c566f48939270f6779f546a151eb8add4a1641ec4ac48:8540370 next=0xcb9e188ae0b4740afb48db093119d317e8cb1bd8969f1494f5d563d24d4a7cc9:8540369 l2block=0x9357cf672c99d7fc3cbe2a3ad7bcf6d9ef3514fd2acdcfe263e9b74febf3db8f:658
t=2025-11-22T23:49:26+0530 lvl=info msg="Walking back L1Block by hash" curr=0xcb9e188ae0b4740afb48db093119d317e8cb1bd8969f1494f5d563d24d4a7cc9:8540369 next=0x4249edbf568b4f4200de7ea4a25c6235045d808858b5fdff781f351147512fd3:8540368 l2block=0x0e8f45097bb7510e5662e411b3914455b91854b3b0a1e7fa1a0d85a8eac18285:657
t=2025-11-22T23:49:26+0530 lvl=info msg="Walking back L1Block by hash" curr=0x4249edbf568b4f4200de7ea4a25c6235045d808858b5fdff781f351147512fd3:8540368 next=0xe19711e14d7ee43115837b1e1c4e8d676d518fca977c9b04c2987838e4d344bb:8540367 l2block=0x09e484cea24ecc1d3141b352ad53a3ce182bb2b91b37dab5747b013e33d36513:656
t=2025-11-22T23:49:26+0530 lvl=info msg="Walking back L1Block by hash" curr=0xe19711e14d7ee43115837b1e1c4e8d676d518fca977c9b04c2987838e4d344bb:8540367 next=0x1681f035ef4165892d757cdb41325f044f609f903522896e47971b94cea41496:8540366 l2block=0xbdc2fe93d06bc8a141bc585eabe062148293db1e0969f394dd1fb719f138c40e:655
t=2025-11-22T23:49:27+0530 lvl=info msg="Walking back L1Block by hash" curr=0x1681f035ef4165892d757cdb41325f044f609f903522896e47971b94cea41496:8540366 next=0x555b83630163d083946d493739c3e0ec4ae21a114f9a229653baf1cfb42f7422:8540365 l2block=0x24cc05d25a9d37573f208238f3654f30843c180b08b28d39e5741c38f0ade5e4:654
t=2025-11-22T23:49:27+0530 lvl=info msg="Walking back L1Block by hash" curr=0x555b83630163d083946d493739c3e0ec4ae21a114f9a229653baf1cfb42f7422:8540365 next=0xcd73b0ed3541137789ae35c8596cd01c3918a392f4cb892c1cadbd5b59d82a62:8540364 l2block=0x4c7630910b404c209169a599c8b19da00abc488cab57ffa3a5a4844c6e4c1b19:653
t=2025-11-22T23:49:28+0530 lvl=info msg="Walking back L1Block by hash" curr=0xcd73b0ed3541137789ae35c8596cd01c3918a392f4cb892c1cadbd5b59d82a62:8540364 next=0x3de3bacdf9f8de7c36cd0c9faef4392c27a3c5eec76a0d96e1292bc263d260ee:8540363 l2block=0xa025e3d2a938ff7edb29af2faee3e57c640efb1f8df61e7af6b7de97dfce31ba:652
t=2025-11-22T23:49:28+0530 lvl=info msg="Walking back L1Block by hash" curr=0x3de3bacdf9f8de7c36cd0c9faef4392c27a3c5eec76a0d96e1292bc263d260ee:8540363 next=0xd6b55b21d6e5bbbdfaf6f6c7237c431ebad5ad451278d13dce517e8545b81357:8540362 l2block=0x30097988977612cddfe757455baa42e7b6b4034c2cb688c15603f23540c8670e:651
t=2025-11-22T23:49:29+0530 lvl=info msg="Walking back L1Block by hash" curr=0xd6b55b21d6e5bbbdfaf6f6c7237c431ebad5ad451278d13dce517e8545b81357:8540362 next=0x3bad84c8bc3a847fe0b737f4e522e1e662bd380f397ee6a45d8c7c791eebf6dc:8540361 l2block=0x50363b3669d46a1d7d4d4c0f146f9d933bdae249387ebfc9fc7eabfbf8f7e99a:650
t=2025-11-22T23:49:29+0530 lvl=info msg="Walking back L1Block by hash" curr=0x3bad84c8bc3a847fe0b737f4e522e1e662bd380f397ee6a45d8c7c791eebf6dc:8540361 next=0x3425543dba2d718780b7de806144979f79a8fc725beab169838c5a9f538ee9ce:8540360 l2block=0xce01ba974db829a1b9af67b1658280887d5c5fd862edb6d2c99ed3ad16270d2f:649
t=2025-11-22T23:49:30+0530 lvl=info msg="Walking back L1Block by hash" curr=0x3425543dba2d718780b7de806144979f79a8fc725beab169838c5a9f538ee9ce:8540360 next=0x25698be8a01f225ed02fb9c8c2478af2bca6cb836d6f1d600909b49d85b43672:8540359 l2block=0x38b6220dfaef63dd5fd7d09db7face0932f86e97c791e537302c7e7a213aa399:648
t=2025-11-22T23:49:30+0530 lvl=info msg="Walking back L1Block by hash" curr=0x25698be8a01f225ed02fb9c8c2478af2bca6cb836d6f1d600909b49d85b43672:8540359 next=0xc58d519f2b9079f470f3604d7c44793ae17c6de498f23a8eed9cb43fc872cd24:8540358 l2block=0x15588b59a8faf88f924f765b0c5bd0121118873071c828d31c96d8adc34181f7:647
t=2025-11-22T23:49:30+0530 lvl=info msg="Walking back L1Block by hash" curr=0xc58d519f2b9079f470f3604d7c44793ae17c6de498f23a8eed9cb43fc872cd24:8540358 next=0x9b37c59788ecb8effe87741e28f6a134b1463be325f3741462b651bab2db837d:8540357 l2block=0xc39dbce138a34a58d539b76a9aec5e8ab1a127b1670d75646a1d30304c591959:646
t=2025-11-22T23:49:31+0530 lvl=info msg="Walking back L1Block by hash" curr=0x9b37c59788ecb8effe87741e28f6a134b1463be325f3741462b651bab2db837d:8540357 next=0xd1c8c96a7f14f68a2583c9747416bf9bca548869e5bd49de72eafcaf20da8192:8540356 l2block=0x0094dae533f0f6854fe74dd6ead25bbcdaf278c2f311bee3e2bc1eea364dafc8:645
t=2025-11-22T23:49:31+0530 lvl=info msg="Walking back L1Block by hash" curr=0xd1c8c96a7f14f68a2583c9747416bf9bca548869e5bd49de72eafcaf20da8192:8540356 next=0x4aff15f2ee25d024cfa6482463861dfba728e0d92244657156191d65a47c38d7:8540355 l2block=0x6f33d4c87c8756f2a1074e3b491c477a1163992ff0eaaa4cfd58a1adc7ed4022:644
t=2025-11-22T23:49:32+0530 lvl=info msg="Walking back L1Block by hash" curr=0x4aff15f2ee25d024cfa6482463861dfba728e0d92244657156191d65a47c38d7:8540355 next=0xad1804600d88d6b7ce7039f97c3c2b1040c43776c03622dd2b7783b8286ba173:8540354 l2block=0xf8e006dc9fa0ac8bf322faa0b59dcf2199f4bb3e8ea6a2fcd8242d5d530ab53f:643
t=2025-11-22T23:49:32+0530 lvl=info msg="Walking back L1Block by hash" curr=0xad1804600d88d6b7ce7039f97c3c2b1040c43776c03622dd2b7783b8286ba173:8540354 next=0x927d8ef98dcc9a12d32ecaa24e92dd1bf45b14b25d8ae4447e9d9cc11e103424:8540353 l2block=0xb426a09ed92e15d8c2351dd870cc9a48415e0ca0a06a2af595e58668beabc265:642
t=2025-11-22T23:49:32+0530 lvl=info msg="Walking back L1Block by hash" curr=0x927d8ef98dcc9a12d32ecaa24e92dd1bf45b14b25d8ae4447e9d9cc11e103424:8540353 next=0xe248519bb2398206219338ddfe0969f25ec90f6758493a61e544ca86c4fad0d0:8540352 l2block=0x46f1214a1374a38182fda8892b119109c6951fc871b1aca2589ca39fb70f8a0f:641
t=2025-11-22T23:49:33+0530 lvl=info msg="Walking back L1Block by hash" curr=0xe248519bb2398206219338ddfe0969f25ec90f6758493a61e544ca86c4fad0d0:8540352 next=0x3cfd43f6ebd085e0168fef3e38efbe0cc3e86ed3a0870d752b206c19bb51e789:8540351 l2block=0xdf906207b653a4b3408f403bbb23a6d8a907eb8d2459cd889a05c2119092310c:640
t=2025-11-22T23:49:33+0530 lvl=info msg="Walking back L1Block by hash" curr=0x3cfd43f6ebd085e0168fef3e38efbe0cc3e86ed3a0870d752b206c19bb51e789:8540351 next=0xbfc4ef29ffd0aab1acd72ab97024146691536a53f91052ecc4dae5475157cf59:8540350 l2block=0x02cf9aefb3c193e6d0a923ceb7486b9fc186ee79c555999ab361fa6e2a336c27:639
t=2025-11-22T23:49:33+0530 lvl=warn msg="L1 head signal indicates a possible L1 re-org" old_l1_head=0x6953fff2fc408cbc453ad7059012a3b3af63da32511b65705347694e15425529:10551572 new_l1_head_parent=0xd275b9ae35fc3809851f50b0e88918082e3bcdf705452c0c067369859aa82e7b new_l1_head=0x5f8af1ae920076276dd72435fbce8460ef69bf02992c4e4b5fa765ea42b27ef6:10551584
t=2025-11-22T23:49:33+0530 lvl=info msg="Walking back L1Block by hash" curr=0xbfc4ef29ffd0aab1acd72ab97024146691536a53f91052ecc4dae5475157cf59:8540350 next=0xa7b5e72a52784c2ece8f20cd0269e86527cb07425d07e0e29dfac69c26cbd033:8540349 l2block=0xc5e596def76ea184dc06f3732294b839c6c90a8675c7a0268d21514c0e99b766:638
t=2025-11-22T23:49:34+0530 lvl=info msg="Walking back L1Block by hash" curr=0xa7b5e72a52784c2ece8f20cd0269e86527cb07425d07e0e29dfac69c26cbd033:8540349 next=0x690691b6c371d74946bcd10975e8e0f9f60168e2649762c60ad648569c71322f:8540348 l2block=0x7f9dad8bcee5622731685dda127b01434e6dd4982cec84930407df93b4394f58:637
t=2025-11-22T23:49:34+0530 lvl=info msg="Walking back L1Block by hash" curr=0x690691b6c371d74946bcd10975e8e0f9f60168e2649762c60ad648569c71322f:8540348 next=0xb3278c7ad897bad6e1adcf1fe51cb345bc18a8665b8314970185e6fba6ee942f:8540347 l2block=0x1f13d6bc0cc7a80ac1462f76e81c897f8b2074fcb5fc4eda2e50b17f1838a5ea:636
t=2025-11-22T23:49:35+0530 lvl=info msg="Walking back L1Block by hash" curr=0xb3278c7ad897bad6e1adcf1fe51cb345bc18a8665b8314970185e6fba6ee942f:8540347 next=0xac1b69ef6fd0d55536d8907531433b9d540c21efbff26204621f2c253e7dc56e:8540346 l2block=0x696c4580da99746df3750b87b700c4f22ebb69c1f101809f6237993e1893300e:635
t=2025-11-22T23:49:36+0530 lvl=info msg="Walking back L1Block by hash" curr=0xac1b69ef6fd0d55536d8907531433b9d540c21efbff26204621f2c253e7dc56e:8540346 next=0x4cd685d260fcfb9f35794d1fedb5a5f73fa53f7dd515f1941e1ffd6bdcac0224:8540345 l2block=0xf0e57b600ab1a1da32e131097d4cb638d5356c6a4ba933502f1bfd656e857dff:634
t=2025-11-22T23:49:36+0530 lvl=info msg="Walking back L1Block by hash" curr=0x4cd685d260fcfb9f35794d1fedb5a5f73fa53f7dd515f1941e1ffd6bdcac0224:8540345 next=0x5995989c99a276bbda79248ad6f8670f655ced94efc316a3894967a3471502ce:8540344 l2block=0xb955d456c13ca94bc9f8de3d4ceac10c8799733a75087254ecfaceb4bc4f6538:633
t=2025-11-22T23:49:37+0530 lvl=info msg="Walking back L1Block by hash" curr=0x5995989c99a276bbda79248ad6f8670f655ced94efc316a3894967a3471502ce:8540344 next=0xf269a9d88eb916f178e1edac4ed36573e67fd6c75646af34f2a8bffc342d3033:8540343 l2block=0x7d4ee3b99a9d26fc8269ff995dfb74c13b45fe447b27801dd073c8cc18c9f6d4:632
t=2025-11-22T23:49:37+0530 lvl=info msg="Walking back L1Block by hash" curr=0xf269a9d88eb916f178e1edac4ed36573e67fd6c75646af34f2a8bffc342d3033:8540343 next=0xf14ecbbc09616510b3e11e42b70f3aea76be98c7ae3b270e94b97ac9c5df2195:8540342 l2block=0x6597dcfab160d59868485ccc979147f7ba4910be9e06771cef07181b83e4c233:631
t=2025-11-22T23:49:38+0530 lvl=info msg="Walking back L1Block by hash" curr=0xf14ecbbc09616510b3e11e42b70f3aea76be98c7ae3b270e94b97ac9c5df2195:8540342 next=0xd38fee771a8f49116fc940ba5e076b663402fc01682200d720a76283a6739747:8540341 l2block=0x44891034ec9244f424a6e5848497fc974bc693f29550f2a52f3727af3ea9790d:630
t=2025-11-22T23:49:39+0530 lvl=info msg="Walking back L1Block by hash" curr=0xd38fee771a8f49116fc940ba5e076b663402fc01682200d720a76283a6739747:8540341 next=0x4eb566978490e909c7e0aca998f01ffcc06269031d6293b5109c4a848d2924d5:8540340 l2block=0xfee06ddfbed2901fbb9e1d6d260de1801cf61045c2df12e379f1d17fc886de19:629
t=2025-11-22T23:49:39+0530 lvl=info msg="Walking back L1Block by hash" curr=0x4eb566978490e909c7e0aca998f01ffcc06269031d6293b5109c4a848d2924d5:8540340 next=0x0ef761f832a3a9b7003b30e72b69d1acbe6acfadc72209b31e5d2cc4b00e01cd:8540339 l2block=0xfde45160052c0a6c81c4bd58dd132110923813aa311204d8910aee6e5196d0db:628
t=2025-11-22T23:49:40+0530 lvl=info msg="Walking back L1Block by hash" curr=0x0ef761f832a3a9b7003b30e72b69d1acbe6acfadc72209b31e5d2cc4b00e01cd:8540339 next=0x5680e26eeba5f303a9f4057a319790be782f872fa8bd74aacacef5fb606c4320:8540338 l2block=0x5328bcf836044bccae9bf240783b1907c9c7c949e5b04a2c6e6b2c75e799347d:627
t=2025-11-22T23:49:40+0530 lvl=info msg="Walking back L1Block by hash" curr=0x5680e26eeba5f303a9f4057a319790be782f872fa8bd74aacacef5fb606c4320:8540338 next=0xc5b99908cbd8364992d58b402b1158134339ca12670c0d3e5251e817bd269117:8540337 l2block=0xcaeb5aed4338b8c19fcd953bdeb78f4c45f3981e37fa28792a3a6610ebedd1d4:626
t=2025-11-22T23:49:40+0530 lvl=info msg="Walking back L1Block by hash" curr=0xc5b99908cbd8364992d58b402b1158134339ca12670c0d3e5251e817bd269117:8540337 next=0x251406e372eddf913df376720bbe4bc016b6099c32e083d7156b1e1cfdc0d1dc:8540336 l2block=0x365c6f1117484cdeddb24d47cc8a32ffe25a3a896c0b978538a7d87c883e32e2:625
t=2025-11-22T23:49:41+0530 lvl=info msg="Walking back L1Block by hash" curr=0x251406e372eddf913df376720bbe4bc016b6099c32e083d7156b1e1cfdc0d1dc:8540336 next=0xdfb72fedd3a4e81028393601ae0d4cdb676cfbd20d2befa97929999146b5176e:8540335 l2block=0xa91e16b7bfecccfd4a612237c03f8d0468f108fc93ae2994a6821e908a32bfff:624
t=2025-11-22T23:49:42+0530 lvl=info msg="Walking back L1Block by hash" curr=0xdfb72fedd3a4e81028393601ae0d4cdb676cfbd20d2befa97929999146b5176e:8540335 next=0xd8ca5f56cf09d6311f79db1a590e18021d1ca4701dd9725d618d010eb104c640:8540334 l2block=0xcb342480ed6d386acf450f658977d1b76bec35417fe32fdbce123da8bc313d65:623
t=2025-11-22T23:49:43+0530 lvl=info msg="Walking back L1Block by hash" curr=0xd8ca5f56cf09d6311f79db1a590e18021d1ca4701dd9725d618d010eb104c640:8540334 next=0x35e3575cf66d99793d0218345811c5054fa1fdd0abf739859c2c95b700199b81:8540333 l2block=0x8b7d28288413f40b03b16984ef731fd006af4de54664b4c8e31d50911d5be939:622
t=2025-11-22T23:49:43+0530 lvl=info msg="Walking back L1Block by hash" curr=0x35e3575cf66d99793d0218345811c5054fa1fdd0abf739859c2c95b700199b81:8540333 next=0x0c7d228ff15fa0c09b562dbc5d9c5f77365aa5db97984aa0501e7dc7ba0f2816:8540332 l2block=0x1ba5aeb78a63868e81600b67e823546d17fb7d937fbac2c0ea5299180be7afa7:621
t=2025-11-22T23:49:44+0530 lvl=info msg="Walking back L1Block by hash" curr=0x0c7d228ff15fa0c09b562dbc5d9c5f77365aa5db97984aa0501e7dc7ba0f2816:8540332 next=0xcf5f97343ca5065c2c4a44eaadb7a3410ebde4cd651e695b69d81bbfa1a30115:8540331 l2block=0x6b861b314036bc378e0fa3cd16f6c8b692e37b7bdada310fb4519ccc668e1550:620
t=2025-11-22T23:49:44+0530 lvl=info msg="Walking back L1Block by hash" curr=0xcf5f97343ca5065c2c4a44eaadb7a3410ebde4cd651e695b69d81bbfa1a30115:8540331 next=0x222e9052882f3e854fb0e78089916814e273f7b96197e051753a91ee9bca3560:8540330 l2block=0x2bedac17351e6208f3e285b38398347b56799c903f6811aaf425722b8fa1e505:619
t=2025-11-22T23:49:45+0530 lvl=info msg="Walking back L1Block by hash" curr=0x222e9052882f3e854fb0e78089916814e273f7b96197e051753a91ee9bca3560:8540330 next=0xeb11389e8479fb5a7c7450e265d9ead4dc15d15662edce80ae5ab64a0e984d80:8540329 l2block=0xb49e8b11f0eb0d84fbd758aea5ea90925374c4ebf101fd8b8e6cdaa845a547f5:618
t=2025-11-22T23:49:45+0530 lvl=info msg="Walking back L1Block by hash" curr=0xeb11389e8479fb5a7c7450e265d9ead4dc15d15662edce80ae5ab64a0e984d80:8540329 next=0xb0ce422c91c5dfae000e885ea0f745c8d1b1c53be28648a09e5669975eb98a09:8540328 l2block=0x81ec58bef80ae55e53c2e25f50fc6cf017af25889134df5942be5759565178b0:617
t=2025-11-22T23:49:46+0530 lvl=warn msg="L1 head signal indicates a possible L1 re-org" old_l1_head=0x5f8af1ae920076276dd72435fbce8460ef69bf02992c4e4b5fa765ea42b27ef6:10551584 new_l1_head_parent=0x78b99a4ce75683028d917e7628bec8fee930137745bbb3fd6a7030982c715a85 new_l1_head=0xae09d21896ae207a7469dd3c43077ffb2027572fe0cafa631371c447a171d259:10551597
t=2025-11-22T23:49:46+0530 lvl=info msg="Walking back L1Block by hash" curr=0xb0ce422c91c5dfae000e885ea0f745c8d1b1c53be28648a09e5669975eb98a09:8540328 next=0x54d891ddb10cfab230281b8ee77e09c0ab37c7ab77d8e75292a55968e03907d7:8540327 l2block=0x84596a7d75b0ea2894ca63cf20773cca75eba8f6b7668e57ff6ce0786d31f42b:616
t=2025-11-22T23:49:46+0530 lvl=info msg="Walking back L1Block by hash" curr=0x54d891ddb10cfab230281b8ee77e09c0ab37c7ab77d8e75292a55968e03907d7:8540327 next=0x60de93f882f0787f44f3203d2efd9d3aadf4c3342e79eeac9edeb9f76ba5eb0e:8540326 l2block=0x2e0b2341ea11dd25d525fa6c4da4fe97793983f8fa3b777509f335adee2bd94f:615
t=2025-11-22T23:49:47+0530 lvl=info msg="Walking back L1Block by hash" curr=0x60de93f882f0787f44f3203d2efd9d3aadf4c3342e79eeac9edeb9f76ba5eb0e:8540326 next=0xa5e33dd04636fab8dca1ef43cd076cf66f81f96edc8445e913f961014241dc2c:8540325 l2block=0x0b458343959a20f9efb89beb1af951d2f549b0a353f9fa40e4319478b1c4ca04:614
t=2025-11-22T23:49:47+0530 lvl=info msg="Walking back L1Block by hash" curr=0xa5e33dd04636fab8dca1ef43cd076cf66f81f96edc8445e913f961014241dc2c:8540325 next=0xdbc404b3326aef76ab0355a03428baadd4a63023b035ce0e1550f56ca78e7cef:8540324 l2block=0x97ceeb8ff1cf201060aad3c613d2884129f5ed6dcec3c922e8674546aa9f6195:613
t=2025-11-22T23:49:48+0530 lvl=info msg="Walking back L1Block by hash" curr=0xdbc404b3326aef76ab0355a03428baadd4a63023b035ce0e1550f56ca78e7cef:8540324 next=0x5a44a5e892237a629cc429119e5c105cd35ce2f491d7c8d6bb1349c2996e7b81:8540323 l2block=0xba5d0a383be54340f0bcf928949a416b4b13c28b76c10c93dd4ad4b76ec89cf4:612
t=2025-11-22T23:49:48+0530 lvl=info msg="Walking back L1Block by hash" curr=0x5a44a5e892237a629cc429119e5c105cd35ce2f491d7c8d6bb1349c2996e7b81:8540323 next=0x85a99dceaa11d2f797703daa60978af42921a6d895d72bdb04b512c139ee4f4b:8540322 l2block=0xa34fc2ecb65fa07e89ed4acb8d1683651de8ea46368fd7d6c8db9e1a4944082a:611
t=2025-11-22T23:49:48+0530 lvl=info msg="Walking back L1Block by hash" curr=0x85a99dceaa11d2f797703daa60978af42921a6d895d72bdb04b512c139ee4f4b:8540322 next=0x209360dd4c59c47c0b859c65040d11f1b06b367dbb057e038a2d05f040e1da40:8540321 l2block=0xb39cc79843305652571878e43e6a7f617f1d7caa3154a3e555fd4ded3b4d47d4:610
t=2025-11-22T23:49:49+0530 lvl=info msg="Walking back L1Block by hash" curr=0x209360dd4c59c47c0b859c65040d11f1b06b367dbb057e038a2d05f040e1da40:8540321 next=0x07b3a24e2421d3079a0c1a6ad11c70400a3a9cfa3cc548d632cd2c49bd9cda46:8540320 l2block=0xca6f4e1df277380ccabb69cf80c937f57b55914ca445cda684e150cac9c186d9:609
t=2025-11-22T23:49:49+0530 lvl=info msg="Walking back L1Block by hash" curr=0x07b3a24e2421d3079a0c1a6ad11c70400a3a9cfa3cc548d632cd2c49bd9cda46:8540320 next=0x23bd8bcfa80acc6111d8c9778f042bbfdec90f742681bd9aef6811121cc97b44:8540319 l2block=0xad3e77a80165cd849c01984647df74c465c376e7fe9177ebeabb11f322e0e8bb:608
t=2025-11-22T23:49:49+0530 lvl=info msg="Walking back L1Block by hash" curr=0x23bd8bcfa80acc6111d8c9778f042bbfdec90f742681bd9aef6811121cc97b44:8540319 next=0xe98b2e25c38bf73dc95fd36c3e3e5a5197f2d3e1460ef5f7d765b508fe5de5f6:8540318 l2block=0x7b5d1b3c73756aed31d2c68ccd296847f343a145dabc3b33d7d90ea25e82fe96:607
t=2025-11-22T23:49:50+0530 lvl=info msg="Walking back L1Block by hash" curr=0xe98b2e25c38bf73dc95fd36c3e3e5a5197f2d3e1460ef5f7d765b508fe5de5f6:8540318 next=0x9d35b53e878e8676c531730fa1e30e5080020a826f77ba492eb21f133ba3c5dc:8540317 l2block=0x9db7cf259fffd4eaf3449180da0dc6fdb1ec9bce1aad47b92daaf1a8e3528914:606
t=2025-11-22T23:49:50+0530 lvl=info msg="Walking back L1Block by hash" curr=0x9d35b53e878e8676c531730fa1e30e5080020a826f77ba492eb21f133ba3c5dc:8540317 next=0x0f4525ac87685d700f14516e7642ec842e8d1f23e713cc3b7407b7319276f80b:8540316 l2block=0x3293a8cd87687b961a3cc545c39f8a95d2ad5fde10190998d3c44e4ad6b96e4a:605
t=2025-11-22T23:49:51+0530 lvl=info msg="Walking back L1Block by hash" curr=0x0f4525ac87685d700f14516e7642ec842e8d1f23e713cc3b7407b7319276f80b:8540316 next=0x6022e136ff303b37cbb247ca030f0cb3f214571be6e743d822fa575c2c379f59:8540315 l2block=0x14d8979829a2b6ffb75c63ae0e47bc0064be2027fc4b6fd01767bc91c10345f9:604
t=2025-11-22T23:49:51+0530 lvl=info msg="Walking back L1Block by hash" curr=0x6022e136ff303b37cbb247ca030f0cb3f214571be6e743d822fa575c2c379f59:8540315 next=0x930bab4295b1033ba27b031ca59536a4c737887698b6352206568af0b1d0f363:8540314 l2block=0x7be8e083203fa014ef2af4b147767ba4676295725446bf97e03b52d1aa24afa5:603
t=2025-11-22T23:49:52+0530 lvl=info msg="Walking back L1Block by hash" curr=0x930bab4295b1033ba27b031ca59536a4c737887698b6352206568af0b1d0f363:8540314 next=0xf3ec584461185f59e4e6e897b4e01b12ed60a48160b619f19374280919d64d10:8540313 l2block=0xa85c66f5e8e4d768199bd19b593092f456e0fedcedfa1d495f730894c300a968:602
t=2025-11-22T23:49:52+0530 lvl=info msg="Walking back L1Block by hash" curr=0xf3ec584461185f59e4e6e897b4e01b12ed60a48160b619f19374280919d64d10:8540313 next=0x8b6273876d2ad671fc041672b96f5832b522d1fc1fd3d1dc39b16b1754f3d100:8540312 l2block=0xe8ce7709c0bee0e8151ec722b3a33e9ad08fc71297496070072d8d4562a3bfce:601
t=2025-11-22T23:49:53+0530 lvl=info msg="Walking back L1Block by hash" curr=0x8b6273876d2ad671fc041672b96f5832b522d1fc1fd3d1dc39b16b1754f3d100:8540312 next=0x7aef9a4377f78404866781f4fc1fb0c64a328b6ea02328a8a734e043ca0be59e:8540311 l2block=0xd21f7c7026ec8a81d48e2d4ef61c27c8780a48e8c102b5526b1472db5426e61c:600
t=2025-11-22T23:49:53+0530 lvl=info msg="Walking back L1Block by hash" curr=0x7aef9a4377f78404866781f4fc1fb0c64a328b6ea02328a8a734e043ca0be59e:8540311 next=0x883ccfe060b7cd54a0fbe7421fe38b3a1bd70479f50fe7251cc7030b1c3c2e22:8540310 l2block=0xa055f7a84d2bb3f70d01d0b2ffdb1e35f257851a44048fd36a4cfbea8b1663f7:599
t=2025-11-22T23:49:54+0530 lvl=info msg="Walking back L1Block by hash" curr=0x883ccfe060b7cd54a0fbe7421fe38b3a1bd70479f50fe7251cc7030b1c3c2e22:8540310 next=0xf4f380d4e05496ad5da4ff9caf3cd504bab143d85db3ac035ac594077bd707cf:8540309 l2block=0xa7c8533d26eda9c7d9f7b269f45d199f65df4081c3e2aad24181801887d11f13:598
t=2025-11-22T23:49:54+0530 lvl=info msg="Walking back L1Block by hash" curr=0xf4f380d4e05496ad5da4ff9caf3cd504bab143d85db3ac035ac594077bd707cf:8540309 next=0xcc626bd7d419590c75cd211714d1a37a504015401fc5f2e5f1ead5cd4832c69d:8540308 l2block=0x1bd136d3733658e270d8c65e06bc6c11c9e3ab70d5506ae148ac1c1de4385d9a:597
t=2025-11-22T23:49:54+0530 lvl=info msg="Walking back L1Block by hash" curr=0xcc626bd7d419590c75cd211714d1a37a504015401fc5f2e5f1ead5cd4832c69d:8540308 next=0x65dd7c5d47772db95dabdde694f55210e71471c4d1a3d6b417758eea9916ecf9:8540307 l2block=0xf1df27ddcf0668db91a0af2118de86f457ec764831305b28fb0968c200429a8d:596
t=2025-11-22T23:49:55+0530 lvl=info msg="Walking back L1Block by hash" curr=0x65dd7c5d47772db95dabdde694f55210e71471c4d1a3d6b417758eea9916ecf9:8540307 next=0xcd38dc256f726199e857a16cba25f189ba55b5aac037395914280786ad69aa05:8540306 l2block=0xcc02e7ef2414dc43fbdf0a0d1b10c82a842a8b196b241c304f0a9adbac954ada:595
t=2025-11-22T23:49:55+0530 lvl=info msg="Walking back L1Block by hash" curr=0xcd38dc256f726199e857a16cba25f189ba55b5aac037395914280786ad69aa05:8540306 next=0x4f78bada70384ed2e2ad7ef74060abba52c588030d25f79238e9a5b6adf386ff:8540305 l2block=0x1247c2d90f0005ebe0baebaea0648fd4e4c71c1eb8828b02ae0a5556ba36807f:594
t=2025-11-22T23:49:55+0530 lvl=info msg="Walking back L1Block by hash" curr=0x4f78bada70384ed2e2ad7ef74060abba52c588030d25f79238e9a5b6adf386ff:8540305 next=0x5e8998c7266878517691aaaf03d852f9f1974097807139b9772f6e3d9ef19815:8540304 l2block=0x0ffd9b3178065fbf485f6ee3efafc223774ff758eb1097980a4be29f3a30dd33:593
t=2025-11-22T23:49:56+0530 lvl=info msg="Walking back L1Block by hash" curr=0x5e8998c7266878517691aaaf03d852f9f1974097807139b9772f6e3d9ef19815:8540304 next=0x7406dcf5d170e8ac227173796220bb7dfab1b2e23d3ed546b124c0c08481effe:8540303 l2block=0xf769e8a8bb8ab000039f3c0ba67676b5646d7821ad14e1fb9bdbe967b1121988:592
t=2025-11-22T23:49:56+0530 lvl=info msg="Walking back L1Block by hash" curr=0x7406dcf5d170e8ac227173796220bb7dfab1b2e23d3ed546b124c0c08481effe:8540303 next=0x633390c32ea3f1fb386edc2ad2a72b82aed24d17a066a9f9cc83ee1da7a6741a:8540302 l2block=0xcbe471ddf72eff76de0ef9ce2bbe47a1cf8e485203284bdcd33bd2018796e57c:591
t=2025-11-22T23:49:57+0530 lvl=info msg="Walking back L1Block by hash" curr=0x633390c32ea3f1fb386edc2ad2a72b82aed24d17a066a9f9cc83ee1da7a6741a:8540302 next=0x970f3b96b2fc6adda041ca6eaa2cbfcec0fe539b9a227a303f7c0a27d8ac0de0:8540301 l2block=0x47daa488de9b0b273a18611d7a600a2c22c2445e2f8aee7bc626b5f1fdb3c31e:590
t=2025-11-22T23:49:57+0530 lvl=info msg="Walking back L1Block by hash" curr=0x970f3b96b2fc6adda041ca6eaa2cbfcec0fe539b9a227a303f7c0a27d8ac0de0:8540301 next=0x3bb1219c95748e634e63ae35de0569d204fe0227a6f118544e0440c09920bd10:8540300 l2block=0x6f0ab919e20dc72b4820bd05f099dcd60c208f647991129c90a4f0e06f7c12d2:589
t=2025-11-22T23:49:57+0530 lvl=info msg="Walking back L1Block by hash" curr=0x3bb1219c95748e634e63ae35de0569d204fe0227a6f118544e0440c09920bd10:8540300 next=0x9ab1a509c77a1dcf5791a8f85fee1eaf0352165440fd455f272a38972e3a8b2b:8540299 l2block=0xe6e8e68339cff20def947d703b36672b8b87b733c1584d65af29756365342abe:588
t=2025-11-22T23:49:58+0530 lvl=info msg="Walking back L1Block by hash" curr=0x9ab1a509c77a1dcf5791a8f85fee1eaf0352165440fd455f272a38972e3a8b2b:8540299 next=0xadde5e519fa2396098c195b31b7a2d5ca186979f4e4bdac3a688e63fe9595b4d:8540298 l2block=0x0099c5e975b1ee36a3beb7e93b9b78a8f8f3b55e445b6b9936adff687b6defc2:587
t=2025-11-22T23:49:58+0530 lvl=warn msg="L1 head signal indicates a possible L1 re-org" old_l1_head=0xae09d21896ae207a7469dd3c43077ffb2027572fe0cafa631371c447a171d259:10551597 new_l1_head_parent=0x29942c0934daed94842d633d6032f1d81be1b4c42e0872f6f70eb91f48cfee61 new_l1_head=0xc31fa8e0956f205b1cd66d274fb70e1d7982b0179bf61baebbedae637e26dcaf:10551609
t=2025-11-22T23:49:58+0530 lvl=info msg="Walking back L1Block by hash" curr=0xadde5e519fa2396098c195b31b7a2d5ca186979f4e4bdac3a688e63fe9595b4d:8540298 next=0x6f2dc2c2856c50b35190079e1ba7e912197e5c4ff5893485f5603ff668003bcc:8540297 l2block=0xfe186750c23234a15ed63cde8ca65409ab7308d44d427388d3633ee60420754f:586
t=2025-11-22T23:49:58+0530 lvl=info msg="Walking back L1Block by hash" curr=0x6f2dc2c2856c50b35190079e1ba7e912197e5c4ff5893485f5603ff668003bcc:8540297 next=0x58dcd7ecf61cf0dff02973df16e8ca8b01dda922e379c54c1ef2ea196fb05207:8540296 l2block=0x815b810ed2ef59f0e27d32362bb33f4d84a74b7f7328a9a573fb98c4e7be0082:585
t=2025-11-22T23:49:58+0530 lvl=info msg="Walking back L1Block by hash" curr=0x58dcd7ecf61cf0dff02973df16e8ca8b01dda922e379c54c1ef2ea196fb05207:8540296 next=0x851aaa3f4a9a50b17420e3da10d254080021d458c42260a27a611f6472755294:8540295 l2block=0x25e5cc6910edf6674e42124d33a5b53103d9540b82644909aec3333340487c8b:584
t=2025-11-22T23:49:59+0530 lvl=info msg="Walking back L1Block by hash" curr=0x851aaa3f4a9a50b17420e3da10d254080021d458c42260a27a611f6472755294:8540295 next=0x0543ed1f1486b4ff817601b997467043b407363a92286d37025524e1af2334fa:8540294 l2block=0xcdfb902705af79bef3471172c0093b405955de54ea1cc54406e27ab8d59ad5c7:583
t=2025-11-22T23:49:59+0530 lvl=info msg="Walking back L1Block by hash" curr=0x0543ed1f1486b4ff817601b997467043b407363a92286d37025524e1af2334fa:8540294 next=0x9b9171ed4e978f9ed1a494fad85dd9df4dd334980089cc9d958ebf6e59e9d3e5:8540293 l2block=0x9803652192531665b10397cb95c97c72629df7213ed9f714bf8a74d8b5571088:582
t=2025-11-22T23:49:59+0530 lvl=info msg="Walking back L1Block by hash" curr=0x9b9171ed4e978f9ed1a494fad85dd9df4dd334980089cc9d958ebf6e59e9d3e5:8540293 next=0x632f58209421cb9082d99552dd89bc563a64ac41cff090df0a0b1c96fc299e91:8540292 l2block=0x17bcad102abaf6cfc7838da4c8982c3df8474f7f146e0129f3ec44bb4e7a865d:581
t=2025-11-22T23:49:59+0530 lvl=info msg="Walking back L1Block by hash" curr=0x632f58209421cb9082d99552dd89bc563a64ac41cff090df0a0b1c96fc299e91:8540292 next=0x055b69055bce6935efa4ce3ccaf2156b5e43e28d07a26f4143f1ae1bfc31082c:8540291 l2block=0xc20b9c04e37f0f6b7a4d73c73bc82a041c609b404c99d2a68097cade04cf0e08:580
t=2025-11-22T23:50:00+0530 lvl=info msg="Walking back L1Block by hash" curr=0x055b69055bce6935efa4ce3ccaf2156b5e43e28d07a26f4143f1ae1bfc31082c:8540291 next=0x9033b0c5d9c1976350bb3a60dfab31e76909d90d18490e296a1b4ea1d3faeee5:8540290 l2block=0x10eed6eb3e0404c265cf6f31f7d891e689204e06b2ea7a6900c0f177029b19ae:579
t=2025-11-22T23:50:00+0530 lvl=info msg="Walking back L1Block by hash" curr=0x9033b0c5d9c1976350bb3a60dfab31e76909d90d18490e296a1b4ea1d3faeee5:8540290 next=0xcdd066f116dfbb385ae886d30bbac0a321574fd5785f2d922f90bae252ba6bcb:8540289 l2block=0x375e24a6858c3baf94fc5a7f64d9ad49315daa6a48ca80530afdb1896e1c5d09:578
t=2025-11-22T23:50:00+0530 lvl=info msg="Walking back L1Block by hash" curr=0xcdd066f116dfbb385ae886d30bbac0a321574fd5785f2d922f90bae252ba6bcb:8540289 next=0xb36b15e5aba302eb418c3855dde3a6b843893f6088399ab78ac21ad5e74c4cef:8540288 l2block=0x0b5374a01c5e4612982de1ff71b7bda0075a6fa2fa6bd8d145323fd48307ea1b:577
t=2025-11-22T23:50:01+0530 lvl=info msg="Walking back L1Block by hash" curr=0xb36b15e5aba302eb418c3855dde3a6b843893f6088399ab78ac21ad5e74c4cef:8540288 next=0xd360e63eb17c33f22ddf8c55355020be4d7792431da4fd2a50e909fbc3fbb0bd:8540287 l2block=0x0aee331d3a5f0d95f35b8a3f1f6a88dcbeca118328d78436b36bd23ac8912450:576
t=2025-11-22T23:50:01+0530 lvl=info msg="Walking back L1Block by hash" curr=0xd360e63eb17c33f22ddf8c55355020be4d7792431da4fd2a50e909fbc3fbb0bd:8540287 next=0x33e6a5f43758318a97b29dea7255811e94d9fe80d294ec3a2d2748c5436fb105:8540286 l2block=0x2c3b72b95c4cd86606a501a068512649345b22b6fa99d80b6bb806beaf34c531:575
t=2025-11-22T23:50:01+0530 lvl=info msg="Walking back L1Block by hash" curr=0x33e6a5f43758318a97b29dea7255811e94d9fe80d294ec3a2d2748c5436fb105:8540286 next=0xb04f7c9c24670d2d5c650f728ce7e2a330e8c97057d849ed0d0908b2a77dc17a:8540285 l2block=0xce7a3882ba1a1258b6bc7aee8141987a1d14b03d523832dfde495318ecacb42a:574
t=2025-11-22T23:50:02+0530 lvl=info msg="Walking back L1Block by hash" curr=0xb04f7c9c24670d2d5c650f728ce7e2a330e8c97057d849ed0d0908b2a77dc17a:8540285 next=0x69ed33c8fe8701a7b8b684fc3ba69658b57411e361b9c67780d86cb1af7e4f07:8540284 l2block=0xb87e38d73081d0e7d00e88a0d2b550d4ff18a378ae7de1f145cce943d85f498b:573
t=2025-11-22T23:50:02+0530 lvl=info msg="Walking back L1Block by hash" curr=0x69ed33c8fe8701a7b8b684fc3ba69658b57411e361b9c67780d86cb1af7e4f07:8540284 next=0x3917cc60d16922363fb724c314ac7ee70ccf13390c6d4326aa10d80685892f01:8540283 l2block=0x1777beeefb09ee09145b4c0c5e59d4cae6412046099dfae49cde4cfd2ac00adc:572
t=2025-11-22T23:50:03+0530 lvl=info msg="Walking back L1Block by hash" curr=0x3917cc60d16922363fb724c314ac7ee70ccf13390c6d4326aa10d80685892f01:8540283 next=0xa370861058f97757a98856fb7c8e2c256168cfa5dd71b35fee5f5e4ccba9647f:8540282 l2block=0x8c8609fd73954049348bf28f75ce69a537400033c11152b374e0f32862113034:571
t=2025-11-22T23:50:03+0530 lvl=info msg="Walking back L1Block by hash" curr=0xa370861058f97757a98856fb7c8e2c256168cfa5dd71b35fee5f5e4ccba9647f:8540282 next=0xbd513d8e6b1b398c6cf4c6d1a4bd8eabb4c1ed3ac47c3de25df9d24c1783409f:8540281 l2block=0xf77d5c6d8b5794d0e4e889d62c110fd1682e01b9a248b010ba632d498d4a2bb2:570
t=2025-11-22T23:50:04+0530 lvl=info msg="Walking back L1Block by hash" curr=0xbd513d8e6b1b398c6cf4c6d1a4bd8eabb4c1ed3ac47c3de25df9d24c1783409f:8540281 next=0xd09b17baffc487871839c21dd3618f7808b8d3f4f372612717ff4506f7eec4bc:8540280 l2block=0x654c44297d9f95544d2091026891333b430bad601c79c02392978956cd8b8a15:569
t=2025-11-22T23:50:04+0530 lvl=info msg="Walking back L1Block by hash" curr=0xd09b17baffc487871839c21dd3618f7808b8d3f4f372612717ff4506f7eec4bc:8540280 next=0x8c0fd6df97bd9fe1a1c58ae400c31beed3ce330234f32d9e525df7752dcf952f:8540279 l2block=0xd80b3cb266553584ee007867e959381a7ac61ca060a4b9fadafba65daf076452:568
t=2025-11-22T23:50:05+0530 lvl=info msg="Walking back L1Block by hash" curr=0x8c0fd6df97bd9fe1a1c58ae400c31beed3ce330234f32d9e525df7752dcf952f:8540279 next=0x39625d9adc32790ea781c52e4130fad1cb06baceda611af9b5cd096ed692f58d:8540278 l2block=0xe27e42fd64d758c6f260c25b95a1cade10fe869e875d064fa1c968eb2802f492:567
t=2025-11-22T23:50:05+0530 lvl=info msg="Walking back L1Block by hash" curr=0x39625d9adc32790ea781c52e4130fad1cb06baceda611af9b5cd096ed692f58d:8540278 next=0x9954fdf14a39190571432417cdd4414e2a111af629f8b43b01b7501501aeea6a:8540277 l2block=0xcda263c718f790170d81f3e8f04e079045463a67f3d1c81586762ab30b545f32:566
t=2025-11-22T23:50:05+0530 lvl=info msg="Walking back L1Block by hash" curr=0x9954fdf14a39190571432417cdd4414e2a111af629f8b43b01b7501501aeea6a:8540277 next=0x63f8de7a8fc03fe1e4c52500beb1f321f0535d957885bf653de1fb9b242b6a91:8540276 l2block=0xbf2f685e41c6fb98ee43ef5558e72aa891026ae1de94ec92097faba766710289:565
t=2025-11-22T23:50:06+0530 lvl=info msg="Walking back L1Block by hash" curr=0x63f8de7a8fc03fe1e4c52500beb1f321f0535d957885bf653de1fb9b242b6a91:8540276 next=0x44bf4ceb867ad2ddc14e4bb951b7b5e96440cc0a4330e448fe387c202cfd1cd9:8540275 l2block=0xeb76a9cf4647af317143f364684e6774f6dd6a32f4215570f0675f3f6ed709fe:564
t=2025-11-22T23:50:06+0530 lvl=info msg="Walking back L1Block by hash" curr=0x44bf4ceb867ad2ddc14e4bb951b7b5e96440cc0a4330e448fe387c202cfd1cd9:8540275 next=0x1ab468018dfd2787fe8ddb6d45eea07474ba455526e45ce77f52d71410980a02:8540274 l2block=0xcb9468275fba2eb04234032982e6883aaec659adc694beb51fc61d4a6ecd16c4:563
t=2025-11-22T23:50:07+0530 lvl=info msg="Walking back L1Block by hash" curr=0x1ab468018dfd2787fe8ddb6d45eea07474ba455526e45ce77f52d71410980a02:8540274 next=0x479450628834b0ca0e80f55508bffe4123e65536bd1663a9cbf69893457d1d9d:8540273 l2block=0x196cd1832ef0014529fbbd3933236e1e027f5912dd8754b420bae72f3ea54695:562
t=2025-11-22T23:50:07+0530 lvl=info msg="Walking back L1Block by hash" curr=0x479450628834b0ca0e80f55508bffe4123e65536bd1663a9cbf69893457d1d9d:8540273 next=0x65ae320095de09f9ef49dc5f81c0e80745c67ce59cff476c7b8c1df7aae98283:8540272 l2block=0x3cbed7cfa24e763cc6adcdda775de8ab03072fa4c0a6f7aa080b8df9ad753344:561
t=2025-11-22T23:50:08+0530 lvl=info msg="Walking back L1Block by hash" curr=0x65ae320095de09f9ef49dc5f81c0e80745c67ce59cff476c7b8c1df7aae98283:8540272 next=0xc84f5d2b9bfbac8e53d74468f953b4147c86c2b62531f7cb51688cd545db5e55:8540271 l2block=0xa133c31b673cfe29263804976cce65bb1ea228a996bccc7b474705268fd512b1:560
t=2025-11-22T23:50:08+0530 lvl=info msg="Walking back L1Block by hash" curr=0xc84f5d2b9bfbac8e53d74468f953b4147c86c2b62531f7cb51688cd545db5e55:8540271 next=0x03edf240dcd094b851687a1b41ba1161097e79a125bfc68d979bd87e1fa655f3:8540270 l2block=0x45639be4dca74aabf1324eff3b87b486e84b66ac7266505e303bd31354c4cc4c:559
t=2025-11-22T23:50:08+0530 lvl=info msg="Walking back L1Block by hash" curr=0x03edf240dcd094b851687a1b41ba1161097e79a125bfc68d979bd87e1fa655f3:8540270 next=0xe313186c1807053d97e4c9edbbc1adf6ca308e3553cdce60df927a7c5a4b41f4:8540269 l2block=0x51f31f18c8c68d7ac6aa53b53389f0ec0b797401783234918312b0aba9dce20f:558
t=2025-11-22T23:50:09+0530 lvl=info msg="Walking back L1Block by hash" curr=0xe313186c1807053d97e4c9edbbc1adf6ca308e3553cdce60df927a7c5a4b41f4:8540269 next=0x9e59e8984b07b7f28f42236304d8bf729896b829eac01c7524f0dbf8296cfa81:8540268 l2block=0xd12f72358517d30ccf7ad6a019e2ad9daf97058b8fb4b21ab14416f0bc64131d:557
t=2025-11-22T23:50:09+0530 lvl=info msg="Walking back L1Block by hash" curr=0x9e59e8984b07b7f28f42236304d8bf729896b829eac01c7524f0dbf8296cfa81:8540268 next=0xb39fe9014c17daa462f77a537d6f29e942c3013f5fca4746b70354a2712bb213:8540267 l2block=0x93f8a77df6ce77de0bf1ba9724942d49dff8e3dbe73bd2ae44548adcb8677d7e:556
t=2025-11-22T23:50:09+0530 lvl=info msg="Walking back L1Block by hash" curr=0xb39fe9014c17daa462f77a537d6f29e942c3013f5fca4746b70354a2712bb213:8540267 next=0xfea70fe41fd390d9bb7fbb04a6a00dce16ee15dd150b22dfc90c4ca3cf4211c6:8540266 l2block=0x528c257b1f57bc3d06916541ae8183744043b35b5387c7964c0c21b4117e9521:555
t=2025-11-22T23:50:09+0530 lvl=info msg="Walking back L1Block by hash" curr=0xfea70fe41fd390d9bb7fbb04a6a00dce16ee15dd150b22dfc90c4ca3cf4211c6:8540266 next=0xe7105b9944b5934d1a98b0a6125656d41ca0910d590442c4d0d41060d53c2d1c:8540265 l2block=0x10023194d1e95b52be4ea4a3d58d923d58a63a97a6677a657cba5282e34e016a:554
t=2025-11-22T23:50:10+0530 lvl=info msg="Walking back L1Block by hash" curr=0xe7105b9944b5934d1a98b0a6125656d41ca0910d590442c4d0d41060d53c2d1c:8540265 next=0x47dfcb217569616d80b56a3ab145f9466e68cbc212088e1394a6d6434d4eb975:8540264 l2block=0x5c1e9521d9ecf2d1c5103034cd0f2a3cba92fc39e611b3e02a3cbe1394125c45:553
t=2025-11-22T23:50:10+0530 lvl=info msg="Walking back L1Block by hash" curr=0x47dfcb217569616d80b56a3ab145f9466e68cbc212088e1394a6d6434d4eb975:8540264 next=0xb29ce9bee9f6b4c31ce5b828c053286a59d480b2c8a1a4a24f38fba0a077d060:8540263 l2block=0x20123024dfa82a7e60afb08c81685223e76f773e94a319a7792eac8b693e9c39:552
t=2025-11-22T23:50:10+0530 lvl=warn msg="L1 head signal indicates a possible L1 re-org" old_l1_head=0xc31fa8e0956f205b1cd66d274fb70e1d7982b0179bf61baebbedae637e26dcaf:10551609 new_l1_head_parent=0x8aa4cef9fc67a316c7671596cca4956d6e07b4aa30f1a0946dd8c598875f7488 new_l1_head=0xc6a3f762366653c81df6a82d91c618ecf9cc9da2f62324413305a6f0529a3d14:10551621
t=2025-11-22T23:50:10+0530 lvl=info msg="Walking back L1Block by hash" curr=0xb29ce9bee9f6b4c31ce5b828c053286a59d480b2c8a1a4a24f38fba0a077d060:8540263 next=0x787f66600880ed32dbc9a850cff94d9a242d58cfd25904c4419681d25fb1d3cc:8540262 l2block=0xf23d2ce8deac8abb168d9f76ec8073b47267831aec442fcdc1184b05f136c7db:551
t=2025-11-22T23:50:11+0530 lvl=info msg="Walking back L1Block by hash" curr=0x787f66600880ed32dbc9a850cff94d9a242d58cfd25904c4419681d25fb1d3cc:8540262 next=0x5545caf3730fefd749f72f7b1e3efa75ff2ce40276b5378a5e3a8d80f40fecff:8540261 l2block=0xce5e5723a1b069764da3ffd68822b04792ecb734c2bc7d0409218e6ca0762d98:550
t=2025-11-22T23:50:11+0530 lvl=info msg="Walking back L1Block by hash" curr=0x5545caf3730fefd749f72f7b1e3efa75ff2ce40276b5378a5e3a8d80f40fecff:8540261 next=0xd4adcd0f62b6dacfc0292c9de0fa1ef22195e4d4641207d63594604e54da1a6f:8540260 l2block=0xcfd63227aec8f438e53b6a47dfa3fbeb25943f9cc3687d35b78845a6ce580919:549
t=2025-11-22T23:50:11+0530 lvl=info msg="Walking back L1Block by hash" curr=0xd4adcd0f62b6dacfc0292c9de0fa1ef22195e4d4641207d63594604e54da1a6f:8540260 next=0x9b2ee9672b97c1606ad52197f327eba5edfa3ed38bd8d684e0b4bc5302e51439:8540259 l2block=0xf4cae611531c76770fe7235474a28902e2911f9c1f9017525d5f34027e66993e:548
t=2025-11-22T23:50:12+0530 lvl=info msg="Walking back L1Block by hash" curr=0x9b2ee9672b97c1606ad52197f327eba5edfa3ed38bd8d684e0b4bc5302e51439:8540259 next=0xeecca678c50a6db686ffdedc46b6c376b1b7915b648caa3516d0157f3ad43037:8540258 l2block=0xe1959cbc59459731c4ac2e9812410df38b1aad0e788d5b8ec210b166ceb2f3e2:547
t=2025-11-22T23:50:12+0530 lvl=info msg="Walking back L1Block by hash" curr=0xeecca678c50a6db686ffdedc46b6c376b1b7915b648caa3516d0157f3ad43037:8540258 next=0xb97a155909d0af7565540223cd99c9841c07527e11599d1fd6f5355253256a6d:8540257 l2block=0xd74a8d52b0ba79bb5759982177f2e979231021ea03d9c3ba0ffc725e1c05fa9c:546
t=2025-11-22T23:50:12+0530 lvl=info msg="Walking back L1Block by hash" curr=0xb97a155909d0af7565540223cd99c9841c07527e11599d1fd6f5355253256a6d:8540257 next=0xeb1fe456c024e8256ec6c2fdab83c1f0ba1edcdcfbd401ba3d77f30df1103860:8540256 l2block=0x4ec7c2289cd1e506d0075eb0f6d935b86bd146095523e9556051d14e21c22c43:545
t=2025-11-22T23:50:13+0530 lvl=info msg="Walking back L1Block by hash" curr=0xeb1fe456c024e8256ec6c2fdab83c1f0ba1edcdcfbd401ba3d77f30df1103860:8540256 next=0xabc797cb2a2dd5879b59899bce616fe3d89a35495ecadfd60dd58bdd0eadea2d:8540255 l2block=0x7642b88c86deaf199bdb3299400231f36e2b74632afe670b1a0bbeb8777ff026:544
t=2025-11-22T23:50:13+0530 lvl=info msg="Walking back L1Block by hash" curr=0xabc797cb2a2dd5879b59899bce616fe3d89a35495ecadfd60dd58bdd0eadea2d:8540255 next=0xbf37ed406d702567b08bd27bfe885a1a9b7263cab168e5db608b54c4c06a5a62:8540254 l2block=0x0e69c44daeecc1563911b66cb6d1eb06e7f365f092adc0e51e15436e0dbd98ed:543
t=2025-11-22T23:50:14+0530 lvl=info msg="Walking back L1Block by hash" curr=0xbf37ed406d702567b08bd27bfe885a1a9b7263cab168e5db608b54c4c06a5a62:8540254 next=0xfd8a7e93876c9a4c78fc920f85dfbecd51a64e76e1407823205f50a5339fb20b:8540253 l2block=0xf6ce0a5c356fcf42d6f6370c18c7e179251f8d4fcc308560c117db3f113f0fef:542
t=2025-11-22T23:50:14+0530 lvl=info msg="Walking back L1Block by hash" curr=0xfd8a7e93876c9a4c78fc920f85dfbecd51a64e76e1407823205f50a5339fb20b:8540253 next=0x501b557dae57db6b18598e1851d7c010912861f9df32e65041d35a9cf742c852:8540252 l2block=0x2995aa548b6e9e23307f18162d6cad3b57dd9ec0a8bd7f402f60095735e7cfa6:541
t=2025-11-22T23:50:15+0530 lvl=info msg="Walking back L1Block by hash" curr=0x501b557dae57db6b18598e1851d7c010912861f9df32e65041d35a9cf742c852:8540252 next=0x817c3be3b9938eb3befa869aea1497e626e72c5f4dacd8c05f571f1b4997fd67:8540251 l2block=0xdf696fc881386111d765064069462d77c2f53850c1ede3c19ea7b9ac33aa3257:540
t=2025-11-22T23:50:15+0530 lvl=info msg="Walking back L1Block by hash" curr=0x817c3be3b9938eb3befa869aea1497e626e72c5f4dacd8c05f571f1b4997fd67:8540251 next=0xa47fa4985983cbd9b1efcf9892db5f56e38930aa42f7d3f1ee1a4a8610371612:8540250 l2block=0xbb1ff871fce7d1ab39ea8aecda20813558623c6e73abfaf858a624937dca4d80:539
t=2025-11-22T23:50:16+0530 lvl=info msg="Walking back L1Block by hash" curr=0xa47fa4985983cbd9b1efcf9892db5f56e38930aa42f7d3f1ee1a4a8610371612:8540250 next=0x0f6a7fb14b1bbc6b0e6ed32ecf962028bb511af024aa01c1b498696538b3aa39:8540249 l2block=0x9bb9eb9f9b5809b9c1b4a410fe715b6a8e92e73e9dc21bafb88e5f6b462c5caf:538
t=2025-11-22T23:50:16+0530 lvl=info msg="Walking back L1Block by hash" curr=0x0f6a7fb14b1bbc6b0e6ed32ecf962028bb511af024aa01c1b498696538b3aa39:8540249 next=0xfc21c880922ac8d1578d9a5a965d62433bd8d80a6f42ac4a463ab311b0dbca36:8540248 l2block=0xa18fe74a8e5fc1af9cdd79f6ad80a813dfab032bf1a0b38ab478b6d1f70c1c29:537
t=2025-11-22T23:50:17+0530 lvl=info msg="Walking back L1Block by hash" curr=0xfc21c880922ac8d1578d9a5a965d62433bd8d80a6f42ac4a463ab311b0dbca36:8540248 next=0x6cfba8e2fd8acb941b9a760158df76cc59c8d4dafa77b1ff5436432b8ce22bde:8540247 l2block=0xdec045abed834494a879e332763057a82631aa95190e5a664f35a060ab86a4e2:536
t=2025-11-22T23:50:17+0530 lvl=info msg="Walking back L1Block by hash" curr=0x6cfba8e2fd8acb941b9a760158df76cc59c8d4dafa77b1ff5436432b8ce22bde:8540247 next=0x962d48378803347e94193619349815f182c3cf1d59b0ae3194a575ac1eec8e4b:8540246 l2block=0x8616fcfa5e76fbc68a56f9596ffe8d3701a5840446ae7cb17fa3e409d7ada5b4:535
t=2025-11-22T23:50:18+0530 lvl=info msg="Walking back L1Block by hash" curr=0x962d48378803347e94193619349815f182c3cf1d59b0ae3194a575ac1eec8e4b:8540246 next=0xc585f816dbdc5714cdc34a5de9ca22c36321a62e82c97756e84db13a7fe9a43a:8540245 l2block=0xbd8885a69ab1ff4c4e8ff245bf08530a7ef2f6941a24722cfd1378467e635edc:534
t=2025-11-22T23:50:18+0530 lvl=info msg="Walking back L1Block by hash" curr=0xc585f816dbdc5714cdc34a5de9ca22c36321a62e82c97756e84db13a7fe9a43a:8540245 next=0xfe32b1a239ae3b22d1eccf645bfa662b47e672bcda976ade26e33ad7fac772c0:8540244 l2block=0xb862af32ac7969ed1d669a0564c2d4d31c124f1b8c5606a9be018c346c5b8a77:532
t=2025-11-22T23:50:18+0530 lvl=info msg="Walking back L1Block by hash" curr=0xfe32b1a239ae3b22d1eccf645bfa662b47e672bcda976ade26e33ad7fac772c0:8540244 next=0xd5d592237616d05b01c37664e9bbabefeb275ffea34be753284242de2fac38f6:8540243 l2block=0xe075888271a8388dcb3b566579735f13aac864cf3d3741db62fe0d3205b8a722:531
t=2025-11-22T23:50:18+0530 lvl=info msg="Walking back L1Block by hash" curr=0xd5d592237616d05b01c37664e9bbabefeb275ffea34be753284242de2fac38f6:8540243 next=0xbc2fb15184dc94c2d973b26b4e273e82c26814884c7d7a5d687a196234653a4f:8540242 l2block=0x2bbe7b3ec0888725e123e533a1db4703edbd1a9269078e694f85f63373f9f06a:530
t=2025-11-22T23:50:19+0530 lvl=info msg="Walking back L1Block by hash" curr=0xbc2fb15184dc94c2d973b26b4e273e82c26814884c7d7a5d687a196234653a4f:8540242 next=0xa6b776d0f7dbdc9e009ed36ca6f2b14fe8c35ba8b4be3aaa8801a46b43548f5c:8540241 l2block=0x2fa35046965848a9c2bced4973fb6e95c14aab11a67a142d509cffbd10562ef0:529
t=2025-11-22T23:50:19+0530 lvl=info msg="Walking back L1Block by hash" curr=0xa6b776d0f7dbdc9e009ed36ca6f2b14fe8c35ba8b4be3aaa8801a46b43548f5c:8540241 next=0xa3ad9e3e70db42816d78f6ddc9958eab7e051f141edb98cb10c95fab4b6696f3:8540240 l2block=0xef2c86ab7610f0088250bb4d5c9158c28c96d229cd27812b0f9b81648fc62681:528
t=2025-11-22T23:50:19+0530 lvl=info msg="Walking back L1Block by hash" curr=0xa3ad9e3e70db42816d78f6ddc9958eab7e051f141edb98cb10c95fab4b6696f3:8540240 next=0x9f2b0542d18b4bf2dd93681b08577612dd74e678851c5e1644bd4cbe4c1df21e:8540239 l2block=0xf79c061da3f8bd63f523332b656764e86b09cb3887edd409006033fc5c1b805c:526
t=2025-11-22T23:50:20+0530 lvl=info msg="Walking back L1Block by hash" curr=0x9f2b0542d18b4bf2dd93681b08577612dd74e678851c5e1644bd4cbe4c1df21e:8540239 next=0xf768b824ca3e2d70137729cd9d62c7e22279dbc49f0b8e613bc1f8193b40a014:8540238 l2block=0x3cdafca1e236ed1261eac61d71d05a0447458688dfb69c46527f8e6017432d27:525
t=2025-11-22T23:50:20+0530 lvl=info msg="Walking back L1Block by hash" curr=0xf768b824ca3e2d70137729cd9d62c7e22279dbc49f0b8e613bc1f8193b40a014:8540238 next=0x91808a5d7cea620031716aae4bbb12b408fb540eae15aa743059839ed91e2af2:8540237 l2block=0xaa0ccfec6dbe7b2b653cdd6e8cff8912a35750f246cce6a1cc8d323dc299dbb7:524
t=2025-11-22T23:50:20+0530 lvl=info msg="Walking back L1Block by hash" curr=0x91808a5d7cea620031716aae4bbb12b408fb540eae15aa743059839ed91e2af2:8540237 next=0xb622b4731d72b353b14c3db73cb6fbc55b19d54ca25d0d2cfacd8bb99a21c23c:8540236 l2block=0xd269e5908e3ef6ba50bce1b38d7c51b06013abcb39b20a4113fa665972aa33b0:523
t=2025-11-22T23:50:21+0530 lvl=info msg="Walking back L1Block by hash" curr=0xb622b4731d72b353b14c3db73cb6fbc55b19d54ca25d0d2cfacd8bb99a21c23c:8540236 next=0x9ebbe63267d668c6b03609cae218e6cd906df02e99d470ab22b0e812bc051079:8540235 l2block=0x68195741196d689a4210323eaf03c3dd84cd0a7ffaca2833579629c506a9b824:522
t=2025-11-22T23:50:21+0530 lvl=info msg="Walking back L1Block by hash" curr=0x9ebbe63267d668c6b03609cae218e6cd906df02e99d470ab22b0e812bc051079:8540235 next=0xc175946dee4e75664ee88a73568a12dd3986471d0651e4ddf6a7b1656d3062a1:8540234 l2block=0x07d6baec5993f65389615f7a6d78bf5b5b0b465fe24bb04661f8e83fb4486d4a:521
t=2025-11-22T23:50:21+0530 lvl=info msg="Walking back L1Block by hash" curr=0xc175946dee4e75664ee88a73568a12dd3986471d0651e4ddf6a7b1656d3062a1:8540234 next=0x326e053a569a92c4330c19dbafede2403756f7c1da41f0493bfa6af4434d0f0d:8540233 l2block=0xb8c300fd26fada1fffe9610a29f688dc57ee988a5b16a1be066fe11124be0ec1:520
t=2025-11-22T23:50:21+0530 lvl=info msg="Walking back L1Block by hash" curr=0x326e053a569a92c4330c19dbafede2403756f7c1da41f0493bfa6af4434d0f0d:8540233 next=0xa03666e666021521d2f8d78dbb7f08b9fb61feea0a8cd854b596e36df523f596:8540232 l2block=0x988b821a7f6bb49d5136bad70ba33a0691b98e17d5b7cafc743561ce2b25dbb6:519
t=2025-11-22T23:50:22+0530 lvl=info msg="Walking back L1Block by hash" curr=0xa03666e666021521d2f8d78dbb7f08b9fb61feea0a8cd854b596e36df523f596:8540232 next=0x498e78e02b88ca8b3a9fa6c66e391142bb992fabc401c1db4cab05d7ec1baa70:8540231 l2block=0xcd1b70a5f2ed7682b38532fe0ad0da702aac5ccbb1d98cb40bda9016f84de077:518
t=2025-11-22T23:50:22+0530 lvl=info msg="Walking back L1Block by hash" curr=0x498e78e02b88ca8b3a9fa6c66e391142bb992fabc401c1db4cab05d7ec1baa70:8540231 next=0x178fdaf348c4e0056ef82f2019cf87610e7cce33e30fd95c44fede2d60203bcd:8540230 l2block=0x2ab41dcae8634958e09eda2a28c74468ceae93720ca7d35706afbd737da59338:517
t=2025-11-22T23:50:22+0530 lvl=warn msg="L1 head signal indicates a possible L1 re-org" old_l1_head=0xc6a3f762366653c81df6a82d91c618ecf9cc9da2f62324413305a6f0529a3d14:10551621 new_l1_head_parent=0xafb125389f9d415ef2b615321bdcfdb786831390b2ddd3566fd192502d7ceb02 new_l1_head=0x8d3fa401fed85f1a95c28fcc83a588da481f735cb5454a037d9e76b2f22a8cbf:10551633
t=2025-11-22T23:50:22+0530 lvl=info msg="Walking back L1Block by hash" curr=0x178fdaf348c4e0056ef82f2019cf87610e7cce33e30fd95c44fede2d60203bcd:8540230 next=0xad8a5aeab696dea2880aab5f927dcc16bede3a5a71883dc7a2e32e29f7554cd8:8540229 l2block=0x958dbd78d1c445da2b5d12d52d5a012e3aedcaa47e1e6f2088c1d44ae18eb8de:516
t=2025-11-22T23:50:23+0530 lvl=info msg="Walking back L1Block by hash" curr=0xad8a5aeab696dea2880aab5f927dcc16bede3a5a71883dc7a2e32e29f7554cd8:8540229 next=0xc96d419b5f167be66aba7023c962c9afcd6ad117246cb5f6698f61911b007e8b:8540228 l2block=0x2be1dd40d72deee4f5aee9744f519bc2e979e001728d0364a15ecede11226221:515
t=2025-11-22T23:50:23+0530 lvl=info msg="Walking back L1Block by hash" curr=0xc96d419b5f167be66aba7023c962c9afcd6ad117246cb5f6698f61911b007e8b:8540228 next=0x1331d092aad16f17d5e050207b0b3a0d7bf475eccf9cf4b57186a4c1588c275b:8540227 l2block=0xd8af81a902eae93811a350421d1ab401353c8639383ebfb4c516186b440209a8:514
t=2025-11-22T23:50:23+0530 lvl=info msg="Walking back L1Block by hash" curr=0x1331d092aad16f17d5e050207b0b3a0d7bf475eccf9cf4b57186a4c1588c275b:8540227 next=0x939562aaa13c9b4d7e73a95045be107925d24b6c4a011a5432c26e4466d7d443:8540226 l2block=0xf1e99ca859b078c71070338a8bdb771f8fddd07bb046cbdbcd82228ce37e2404:513
t=2025-11-22T23:50:24+0530 lvl=info msg="Walking back L1Block by hash" curr=0x939562aaa13c9b4d7e73a95045be107925d24b6c4a011a5432c26e4466d7d443:8540226 next=0x42a26f22ef2831f1f3b7c6e9be3da280fc7da70086780ab09dac442d2f56785f:8540225 l2block=0x9b4af2890f0c8db31e3aa4fbad7af9786168143aa1c3f55b998a53b3a32be6f4:512
t=2025-11-22T23:50:24+0530 lvl=info msg="Walking back L1Block by hash" curr=0x42a26f22ef2831f1f3b7c6e9be3da280fc7da70086780ab09dac442d2f56785f:8540225 next=0x3fa04dc4aa4be9c3be3771a71d334791cdea5e6bfe721032d91817c74e19ad63:8540224 l2block=0x6f1a0cd9213194964cc791e89a021787af2c63d63214bc1529d24e5a54e298e2:511
t=2025-11-22T23:50:24+0530 lvl=info msg="Walking back L1Block by hash" curr=0x3fa04dc4aa4be9c3be3771a71d334791cdea5e6bfe721032d91817c74e19ad63:8540224 next=0xa1d20335704e8a2e5c74ed442be386ddc0ac0b349c9812d346dc968691b84d61:8540223 l2block=0xe83d673cb0acd0c7840fcb7d170111b57a28e0a8c1ecb3a37165682f144dfe20:510
t=2025-11-22T23:50:25+0530 lvl=info msg="Walking back L1Block by hash" curr=0xa1d20335704e8a2e5c74ed442be386ddc0ac0b349c9812d346dc968691b84d61:8540223 next=0x28347391af6d70f5783b248071d189a76aaf19a98996b5d730ae168a18fa9861:8540222 l2block=0x7faa5810b5746a30ab7be00d2d8a4d41f2485ceaa5c14b1268b14447969e6a86:509
t=2025-11-22T23:50:25+0530 lvl=info msg="Walking back L1Block by hash" curr=0x28347391af6d70f5783b248071d189a76aaf19a98996b5d730ae168a18fa9861:8540222 next=0x20c5ef91a4f90da1336978454cc24c36c9586aba49ba061c48522455672e9bac:8540221 l2block=0x7b6e814a23c245663b7643b7c75b4492dd0c818fc1bc62e2bd11fa5ee325c4c1:508
t=2025-11-22T23:50:25+0530 lvl=info msg="Walking back L1Block by hash" curr=0x20c5ef91a4f90da1336978454cc24c36c9586aba49ba061c48522455672e9bac:8540221 next=0xe75048987c1759d28c18a42dd0db5e9a1e70134cbe2b8e5236eec692f2e9a0a7:8540220 l2block=0x4c33f89717da063d5fba36773db946091b03eb28b98af17fb8e9565cc75cbf1a:507
t=2025-11-22T23:50:26+0530 lvl=info msg="Walking back L1Block by hash" curr=0xe75048987c1759d28c18a42dd0db5e9a1e70134cbe2b8e5236eec692f2e9a0a7:8540220 next=0x29dc67daf38fc53bdf42bae8abb04068f95f5b4aab09fa125d8357c847b1212d:8540219 l2block=0xadc4f9cce1cd7c19cc9070f50a1d1ac15352236b41ce96ff0fc3298c0f948954:506
t=2025-11-22T23:50:26+0530 lvl=info msg="Walking back L1Block by hash" curr=0x29dc67daf38fc53bdf42bae8abb04068f95f5b4aab09fa125d8357c847b1212d:8540219 next=0x192148bc388d8f17005b6c4953be864ec2db79b20f086898007f165eb2257f6b:8540218 l2block=0x67015c00aeea2bc6ce5456cc5603d52b68b68f8709d568d01253098921eadca0:505
t=2025-11-22T23:50:28+0530 lvl=info msg="Walking back L1Block by hash" curr=0x192148bc388d8f17005b6c4953be864ec2db79b20f086898007f165eb2257f6b:8540218 next=0x2cce7dd12cbd389545860732d7504593362205f611b144059ec498c7514ee03c:8540217 l2block=0xd9ec275fc0e4661c77d07a174870fcdfb9a3c7b0901246b88571c7ed56483938:504
t=2025-11-22T23:50:28+0530 lvl=info msg="Walking back L1Block by hash" curr=0x2cce7dd12cbd389545860732d7504593362205f611b144059ec498c7514ee03c:8540217 next=0x538a4d238caa9e24f303900490dbd83d1297dc78ad233662932791a24bd0a14c:8540216 l2block=0xd18984937de10c8e1c560f4315ce5a107fa6fb3748c74e2bfe3a718674bb43a7:503
t=2025-11-22T23:50:29+0530 lvl=info msg="Walking back L1Block by hash" curr=0x538a4d238caa9e24f303900490dbd83d1297dc78ad233662932791a24bd0a14c:8540216 next=0x3f5ce3e8e78a8c0ead86a05dcf6253cca9fc3ea1c5c28c93690456d0eb470cca:8540215 l2block=0x38fb06e3558fa0efac48a59f2ed7588acbbf5e3c09a4f4b52cac6f81831663a5:502
